浙江卫视4K,http://101.35.240.114:88/live.php?id=浙江卫视4K
江苏卫视4K,http://101.35.240.114:88/live.php?id=江苏卫视4K
广东卫视4K,http://101.35.240.114:88/live.php?id=广东卫视4K
深圳卫视4K,http://101.35.240.114:88/live.php?id=深圳卫视
深圳卫视4K,http://nn.7x9d.cn/深圳最新.php?id=szws4k
山东卫视4K,http://101.35.240.114:88/live.php?id=山东卫视4K
苏州4K,https://live-auth.51kandianshi.com/szgd/csztv4k_hd.m3u8
河北4K,https://event.pull.hebtv.com:443/live/live101.m3u8
南国都市4K,https://tencentplay.gztv.com/live/nanguodushi.m3u8?txSecret=550af55c0ea34ce492748481415b6dfa&txTime=1903e7b17de
直播中国,https://gcalic.v.myalicdn.com/gc/wgw05_1/index.m3u8?contentid=2820180516001
熊猫直播,https://gcwbndali.v.myalicdn.com/gcwbnd/ipanda1000_2/index.m3u8
上海纪实,http://iptv.huuc.edu.cn/hls/docuchina.m3u8
海峡卫视,http://www.wmviv.com/iptv/bc2t.php?id=hxws
四海钓鱼,http://www.wmviv.com/iptv/bc2t.php?id=shdy
上海第一财经,http://www.wmviv.com/iptv/bc2t.php?id=dycj
上视纪实人文,http://www.wmviv.com/iptv/bc2t.php?id=shjsrw
上海外语,http://www.wmviv.com/iptv/bc2t.php?id=shics
七彩戏剧,http://www.wmviv.com/iptv/bc2t.php?id=qcxj
苏州4K,https://tylive.kan0512.com/norecord/csztv4k_4k.m3u8
河北4K,https://event.pull.hebtv.com:443/live/live101.m3u8
海峡卫视,http://8.138.7.223/tv/hxws.m3u8
珠江卫视,http://qjrhc.jydjd.top:2911/udp/224.1.100.24:11111
苏州4K,http://106.53.99.30/tv/api.php?id=sztv4k
河北4K,http://106.53.99.30/tv/api.php?id=hebtv4k
CETV-01,https://zby.130519.xyz/PLTV/11/224/3221225775/index.m3u8
CETV-04,https://zby.130519.xyz/PLTV/11/224/3221226153/index.m3u8
黑龙江视,https://zby.130519.xyz/PLTV/11/224/3221225722/index.m3u8
新闻综合,https://zby.130519.xyz/PLTV/11/224/3221226136/index.m3u8
睛彩广场,https://zby.130519.xyz/PLTV/11/224/3221226139/index.m3u8
CHC影迷电影HD,http://122.228.73.138:2380/hw1live.rxip.sc96655.com.huan.tv/live/lnwsCHC-HDH265_4000.m3u8
CHC家庭影院HD,http://122.228.73.138:2380/hw1live.rxip.sc96655.com.huan.tv/live/jbtygqCHCjtyyH265_4000.m3u8
CHC动作电影HD,http://122.228.73.138:2380/hw1live.rxip.sc96655.com.huan.tv/live/wqCHCdzdyH265_4000.m3u8
求索科学,http://111.22.153.159:35455/itv/2000000004000000011.m3u8?cdn=hnbblive
求索生活,http://111.22.153.159:35455/itv/2000000004000000008.m3u8?cdn=hnbblive
求索动物,http://111.22.153.159:35455/itv/2000000004000000009.m3u8?cdn=hnbblive
纪实科教8K,https://gdcucc.v1.mk/gdcucc/brtv8k.m3u8
爱上4K,http://wouu.net:9977/udp/239.93.0.97:5140
华数4K,http://111.22.153.159:35455/itv/2000000004000000014.m3u8?cdn=hnbblive
纯享4K,#http://fjcm-2117.live.iptv.darwinchow.com/PLTV/88888888/224/3221226825/index.m3u8
求索纪录4K,http://tvbox6.icu/tv/gdmzyd.php?id=104
搜狐剧场,https://hdl-vip-ws.qf.56.com/live/lc_11730.flv
1905电影网（国内）,http://8.138.7.223/tv/1905.php?id=LIVEOYY31H24H48NE
美亚电影台,https://live.tvfix.org/live/mydy/index.m3u8
漫威电影,http://1.94.31.214:35455/douyu/6140589
精彩影视,http://111.22.153.159:35455/itv/6000000006000320630.m3u8?cdn=wasusyt
纪实科教,http://120.76.248.139/live/bfgd/4200000113.m3u8
新视觉HD,http://120.76.248.139/live/bfgd/4200000249.m3u8
茶友频道,#http://fjcm-2118.live.iptv.darwinchow.com/PLTV/88888888/224/3221226859/index.m3u8
新纪实,http://bp-resource-dfl.bestv.cn/155/3/video.m3u8
上海新闻,http://bp-livetytv.bestv.cn/ch/bestvxwzh.m3u8
海峡卫视,http://8.138.7.223/tv/hxws.m3u8
哒啵赛事,#http://fjcm-2118.live.iptv.darwinchow.com/PLTV/88888888/224/3221227331/index.m3u8
哒啵电竞,http://111.22.153.159:35455/itv/1000000006000032327.m3u8?cdn=ystenlive
七彩戏剧,http://111.22.153.159:35455/itv/5000000011000031116.m3u8?cdn=bestzb
天元围棋,http://wouu.net:9977/udp/239.93.42.55:5140
凤凰资讯台,http://101.35.240.114:88/phenix.php?id=fhzx
北京纪实科教8K,http://101.35.240.114:88/brtv8k.php
鳳凰衛視中文台,http://bxtv.3a.ink/api.php?id=fhzw
鳳凰衛視資訊台,http://bxtv.3a.ink/api.php?id=fhzx
鳳凰衛視香港台,http://bxtv.3a.ink/api.php?id=fhhk
千禧經典台,http://bxtv.3a.ink/api.php?id=qxjd
無線新聞台,http://bxtv.3a.ink/api.php?id=wxxw
美亞電影台,http://bxtv.3a.ink/api.php?id=meiya
myTV SUPER 18台,http://bxtv.3a.ink/api.php?id=18
PopC,http://bxtv.3a.ink/api.php?id=popc
VIUTV,http://bxtv.3a.ink/api.php?id=viutv
NOW新闻,http://bxtv.3a.ink/api.php?id=now
NOW爆谷,https://bxtv.3a.ink/api.php?id=baogu
NOW爆谷星影台,https://bxtv.3a.ink/api.php?id=xingying
中天新聞台,http://bxtv.3a.ink/api.php?id=ztxw
澳视卫星,http://r.jdshipin.com/QFhCq
台湾+,https://bcovlive-a.akamaihd.net/rce33d845cb9e42dfa302c7ac345f7858/ap-northeast-1/6282251407001/playlist.m3u8
无线新闻,http://r.jdshipin.com/CkuBd
TVB星河,http://r.jdshipin.com/sXuuD
TVB星河,http://r.jdshipin.com/Voac4
华丽翡翠台,http://r.jdshipin.com/thuYX
ViuTV,http://r.jdshipin.com/vSJvl
ViuTV,http://r.jdshipin.com/TcKr2
HOY TV,http://r.jdshipin.com/sFw4S
海峡卫视,http://r.jdshipin.com/WtYt3
咪咕视频4K,http://r.jdshipin.com/ln4xk
咪咕视频4K-2,http://r.jdshipin.com/Lqdwf
翡翠台 backup,http://api.kkitv.itv888.vip:8080/streams/jutaw8wu0j9/index.m3u8
iNews新闻台,http://api.kkitv.itv888.vip:8080/streams/o0ey7z1y0y/index.m3u8
HOY资讯台,http://api.kkitv.itv888.vip:8080/streams/o6fp2zqodp/index.m3u8
RHK 31,http://api.kkitv.itv888.vip:8080/streams/au9u4ktua3t/index.m3u8
RHK 32,http://api.kkitv.itv888.vip:8080/streams/emzampd6m1i/index.m3u8
VIUTV1,http://api.kkitv.itv888.vip:8080/streams/i76tznm59xp/index.m3u8
Viu6,http://api.kkitv.itv888.vip:8080/streams/bvdslcl5cts/index.m3u8
珠江卫视,http://iptv.4666888.xyz/iptv2A.php?id=19
美亚电影,http://iptv.4666888.xyz/iptv2A.php?id=30
有线新闻,http://iptv.4666888.xyz/iptv2A.php?id=31
龙华电影,http://iptv.4666888.xyz/iptv2A.php?id=45
凤凰资讯高清,http://cdn6.163189.xyz/163189/fhzx
星空国际,http://iot-mqqt.111yao.cn:8080/live/diyp_starmovies.m3u8
澳门卫视,http://php.jdshipin.com:8880/TVOD/iptv.php?id=as
澳亚卫视,http://cdn9.163189.xyz/live/as/stream.m3u8
TVB无线新闻,http://cdn9.163189.xyz/smt1.1.php?id=inews_twn
TVB无线新闻（备用）,http://erp.giihgtidg.com:8080/live/wxxw01.m3u8
TVB无线星河,http://php.jdshipin.com:8880/smt.php?id=Xinhe
TVB翡翠台（备用）,http://erp.giihgtidg.com:8080/live/jade01.m3u8
TVB翡翠台 1080P,http://php.jdshipin.com:8880/TVOD/iptv.php?id=fct3
华丽翡翠台,http://cdn9.163189.xyz/smt1.1.php?id=Tvbjade
千禧经典,http://cdn9.163189.xyz/smt3.1.1.php?id=Tvbclassic
耀才财经,https://v3.mediacast.hk/webcast/bshdlive-pc/chunklist_w99771165.m3u8
台视,rtmp://f13h.mine.nu/sat/tv071
中视,rtmp://f13h.mine.nu/sat/tv091
华视,rtmp://f13h.mine.nu/sat/tv111
中天新闻,https://gdfire2.67890123.cn:8088/live/ztxw01.m3u8
中天娱乐,https://gdfire2.67890123.cn:8088/live/ztxw201.m3u8
华视新闻,http://litv.zapi.us.kg/?id=4gtv-4gtv052
中视新闻,http://198.16.100.186:8278/zhongshinews_twn/playlist.m3u8?tid=MD0D3377711133777111&ct=19249&tsum=ffaee3fe7040c96643b3c7f12bf2de8d
三立综合,http://live4play.uk/livehttpplay?channel_id=12038
三立都会,http://live4play.uk/livehttpplay?channel_id=20100
三立戏剧,http://61.221.215.25:8800/hls/41/index.m3u8
非凡新闻,rtmp://f13h.mine.nu/sat/tv581
年代新闻,http://198.16.100.186:8278/niandainews_twn/playlist.m3u8?tid=MBCB9184423891844238&ct=19249&tsum=ac0331d98099429b19c53fe6d20972ec
东森戏剧,http://live4play.uk/livehttpplay?channel_id=20072
美亚电影,http://ali.hlspull.yximgs.com/live/awei_mydy.flv
民视台湾台,https://smart.pendy.dpdns.org/Smart.php?id=ftvtaiwan_twn
民视第一台,https://smart.pendy.dpdns.org/Smart.php?id=lunghuajingdian_twn
民视综艺台,http://litv.zapi.us.kg/?id=4gtv-4gtv004
民视影剧台,http://litv.zapi.us.kg/?id=litv-ftv09
中天亚洲台,http://livetv.skycf.eu.org/live.m3u8?c=3
MOMO TV,rtmp://f13h.mine.nu/sat/tv761
纬来日本,rtmp://f13h.mine.nu/sat/tv771
纬来电影,http://live4play.uk/livehttpplay?channel_id=20199
纬来精采,http://61.221.215.25:8800/hls/48/index.m3u8
大爱1台,https://pulltv1.wanfudaluye.com/live/tv1.m3u8
大爱2台,https://pulltv2.wanfudaluye.com/live/tv2.m3u8
大立电视台,http://www.dalitv.com.tw:4568/live/dali/index.m3u8
TVBS欢乐台,http://litv.zapi.us.kg/?id=4gtv-4gtv068
八大戏剧台,http://61.221.215.25:8800/hls/39/index.m3u8
AMC电影台,http://122.117.71.103:8559/http/61.222.53.250:8092/upload/115/AMC_TS-1111_1.m3u8
CAT电影,http://litv.zapi.us.kg/?id=4gtv-4gtv076
龙华电影,https://cdn8.163189.xyz/live/lhdy/stream.m3u8
龙华洋片,https://cdn8.163189.xyz/live/lhyp/stream.m3u8
龙华经典,https://cdn8.163189.xyz/live/lhjd/stream.m3u8
龙华卡通,https://cdn8.163189.xyz/live/lhkt/stream.m3u8
龙华偶像,https://cdn8.163189.xyz/live/lhox/stream.m3u8
龙华日韩,https://cdn8.163189.xyz/live/lhrh/stream.m3u8
龙华戏剧,https://cdn8.163189.xyz/live/lhxj/stream.m3u8
靖天电影,http://live4play.uk/livehttpplay?channel_id=12037
港台电视31,https://cdn5.163189.xyz/live/rthk31/stream.m3u8
港台电视32,https://cdn5.163189.xyz/live/rthk32/stream.m3u8
HOY78,http://cdn.163189.xyz/live/hoy/stream.m3u8
ASTRO AOD,http://cdn9.163189.xyz/smt1.1.php?id=Aodhd
DAZN体育1,rtmp://f13h.mine.nu/sat/tv731
DAZN体育2,rtmp://f13h.mine.nu/sat/tv741
ELEVEN体育1,https://stream1.freetv.fun/eltaai-er-da-ti-yu--1--wj-1.ctv
ELEVEN体育2,https://stream1.freetv.fun/eltaai-er-da-ti-yu--2--wj-1.ctv
ELEVEN体育3,https://stream1.freetv.fun/eltaai-er-da-ti-yu--3--wj-1.ctv
韩国电影1,https://stream.ads.ottera.tv/playlist.m3u8?network_id=595
韩国电影2,https://stream.ads.ottera.tv/playlist.m3u8?network_id=743
凤凰卫视台,http://php.jdshipin.com/TVOD/iptv.php?id=fhzw
凤凰资讯台,http://php.jdshipin.com/TVOD/iptv.php?id=fhzx
翡翠台北美版,http://php.jdshipin.com:8880/TVOD/iptv.php?id=j1
VIUTV,http://php.jdshipin.com/TVOD/iptv.php?id=viutv
VIUTV,http://php.jdshipin.com/TVOD/iptv.php?id=viutv2
无线新闻台,http://php.jdshipin.com:8880/smt.php?id=inews_twn
RTHK31,http://php.jdshipin.com:8880/TVOD/iptv.php?id=rthk31
RTHK32,http://php.jdshipin.com:8880/TVOD/iptv.php?id=rthk32
HOY TV,http://php.jdshipin.com/TVOD/iptv.php?id=hoytv
澳视卫星,http://php.jdshipin.com:8880/TVOD/iptv.php?id=as
八度空间,https://cdn6.163189.xyz/163189/8tv
CH5,https://cdn6.163189.xyz/163189/ch5
CH8,https://cdn6.163189.xyz/163189/ch8
CHU,https://cdn6.163189.xyz/163189/chu
千禧经典台,http://php.jdshipin.com:8880/smt.php?id=Tvbclassic
美亚电影台,http://php.jdshipin.com:8880/smt.php?id=meiyamovie_twn
天映频道,http://php.jdshipin.com:8880/smt.php?id=Celestial
2026-01-01 00:28:13,https://vd3.bdstatic.com/mda-rkaittm5s06vzzyq/sc/cae_h264/1762869883709304452/mda-rkaittm5s06vzzyq.mp4
Astro AOD,http://php.jdshipin.com/TVOD/iptv.php?id=aod
BBC News,https://vs-hls-push-ww-live.akamaized.net/x=4/i=urn:bbc:pips:service:bbc_news_channel_hd/t=3840/v=pv14/b=5070016/main.m3u8
www.izbds.com,https://vd3.bdstatic.com/mda-rkaittm5s06vzzyq/sc/cae_h264/1762869883709304452/mda-rkaittm5s06vzzyq.mp4
Astro AEC,http://php.jdshipin.com/smt.php?id=AEC
FOX News,http://fl1.moveonjoy.com/FOX_NEWS_CHANNEL/index.m3u8
