分类: 中央, 名称: CCTV-1, 有效: 3, IPv4: 245, IPv6: 0, 最小延迟: 245 ms, 最高速率: 4.67 M/s, 平均速率: 2.60 M/s, 最高分辨率: 1920x1080
分类: 中央, 名称: CCTV-2, 有效: 3, IPv4: 228, IPv6: 0, 最小延迟: 346 ms, 最高速率: 8.11 M/s, 平均速率: 4.76 M/s, 最高分辨率: 1920x1080
分类: 中央, 名称: CCTV-3, 有效: 3, IPv4: 226, IPv6: 0, 最小延迟: 129 ms, 最高速率: 8.15 M/s, 平均速率: 5.03 M/s, 最高分辨率: 1920x1080
分类: 中央, 名称: CCTV-4, 有效: 5, IPv4: 261, IPv6: 0, 最小延迟: 334 ms, 最高速率: 7.66 M/s, 平均速率: 3.93 M/s, 最高分辨率: 3840x2160
分类: 中央, 名称: CCTV-5, 有效: 5, IPv4: 240, IPv6: 0, 最小延迟: 224 ms, 最高速率: 6.96 M/s, 平均速率: 3.89 M/s, 最高分辨率: 1920x1080
分类: 中央, 名称: CCTV-6, 有效: 4, IPv4: 222, IPv6: 0, 最小延迟: 163 ms, 最高速率: 10.67 M/s, 平均速率: 4.19 M/s, 最高分辨率: 1920x1080
分类: 中央, 名称: CCTV-7, 有效: 5, IPv4: 210, IPv6: 0, 最小延迟: 288 ms, 最高速率: 2.83 M/s, 平均速率: 1.73 M/s, 最高分辨率: 1920x1080
分类: 中央, 名称: CCTV-8, 有效: 2, IPv4: 220, IPv6: 0, 最小延迟: 407 ms, 最高速率: 12.83 M/s, 平均速率: 6.80 M/s, 最高分辨率: 1920x1080
分类: 中央, 名称: CCTV-9, 有效: 3, IPv4: 217, IPv6: 0, 最小延迟: 341 ms, 最高速率: 7.04 M/s, 平均速率: 4.76 M/s, 最高分辨率: 1920x1080
分类: 中央, 名称: CCTV-10, 有效: 3, IPv4: 222, IPv6: 0, 最小延迟: 138 ms, 最高速率: 7.15 M/s, 平均速率: 4.27 M/s, 最高分辨率: 1920x1080
分类: 中央, 名称: CCTV-11, 有效: 4, IPv4: 193, IPv6: 0, 最小延迟: 323 ms, 最高速率: 5.79 M/s, 平均速率: 3.88 M/s, 最高分辨率: 1920x1080
分类: 中央, 名称: CCTV-12, 有效: 4, IPv4: 207, IPv6: 0, 最小延迟: 324 ms, 最高速率: 4.19 M/s, 平均速率: 2.42 M/s, 最高分辨率: 1920x1080
分类: 中央, 名称: CCTV-13, 有效: 3, IPv4: 205, IPv6: 0, 最小延迟: 312 ms, 最高速率: 9.10 M/s, 平均速率: 5.44 M/s, 最高分辨率: 1920x1080
分类: 中央, 名称: CCTV-14, 有效: 3, IPv4: 194, IPv6: 0, 最小延迟: 390 ms, 最高速率: 10.85 M/s, 平均速率: 7.01 M/s, 最高分辨率: 1920x1080
分类: 中央, 名称: CCTV-15, 有效: 3, IPv4: 200, IPv6: 0, 最小延迟: 269 ms, 最高速率: 9.27 M/s, 平均速率: 5.99 M/s, 最高分辨率: 1920x1080
分类: 中央, 名称: CCTV-16, 有效: 5, IPv4: 100, IPv6: 0, 最小延迟: 352 ms, 最高速率: 10.57 M/s, 平均速率: 4.14 M/s, 最高分辨率: 1920x1080
分类: 中央, 名称: CCTV-17, 有效: 3, IPv4: 144, IPv6: 0, 最小延迟: 135 ms, 最高速率: 10.21 M/s, 平均速率: 6.44 M/s, 最高分辨率: 1920x1080
分类: 中央, 名称: CCTV-5+, 有效: 1, IPv4: 145, IPv6: 0, 最小延迟: 397 ms, 最高速率: 7.55 M/s, 平均速率: 7.55 M/s, 最高分辨率: 1920x1080
分类: 中央, 名称: CCTV-8K, 有效: 0, IPv4: 4, IPv6: 0, 最小延迟: -1 ms, 最高速率: 0.00 M/s, 平均速率: 0.00 M/s, 最高分辨率: None
分类: 中央, 名称: CCTV-4K, 有效: 2, IPv4: 25, IPv6: 0, 最小延迟: 319 ms, 最高速率: 6.13 M/s, 平均速率: 5.99 M/s, 最高分辨率: 1920x1080
分类: 中央, 名称: CETV1, 有效: 0, IPv4: 16, IPv6: 0, 最小延迟: -1 ms, 最高速率: 0.00 M/s, 平均速率: 0.00 M/s, 最高分辨率: 1920x1080
分类: 中央, 名称: CETV2, 有效: 0, IPv4: 8, IPv6: 0, 最小延迟: -1 ms, 最高速率: 0.00 M/s, 平均速率: 0.00 M/s, 最高分辨率: None
分类: 中央, 名称: CETV3, 有效: 0, IPv4: 2, IPv6: 0, 最小延迟: -1 ms, 最高速率: 0.00 M/s, 平均速率: 0.00 M/s, 最高分辨率: None
分类: 中央, 名称: CETV4, 有效: 0, IPv4: 10, IPv6: 0, 最小延迟: -1 ms, 最高速率: 0.00 M/s, 平均速率: 0.00 M/s, 最高分辨率: None
分类: 中央, 名称: 卫生健康, 有效: 1, IPv4: 2, IPv6: 0, 最小延迟: 404 ms, 最高速率: 11.68 M/s, 平均速率: 11.68 M/s, 最高分辨率: 1920x1080
分类: 中央, 名称: CETV早期教育, 有效: 0, IPv4: 1, IPv6: 0, 最小延迟: -1 ms, 最高速率: 0.00 M/s, 平均速率: 0.00 M/s, 最高分辨率: None
分类: 中央, 名称: 环球奇观, 有效: 0, IPv4: 1, IPv6: 0, 最小延迟: -1 ms, 最高速率: 0.00 M/s, 平均速率: 0.00 M/s, 最高分辨率: None
分类: 中央, 名称: 中国交通, 有效: 0, IPv4: 6, IPv6: 0, 最小延迟: -1 ms, 最高速率: 0.00 M/s, 平均速率: 0.00 M/s, 最高分辨率: None
分类: 中央, 名称: 风云足球, 有效: 1, IPv4: 18, IPv6: 0, 最小延迟: 419 ms, 最高速率: 9.71 M/s, 平均速率: 9.71 M/s, 最高分辨率: 1920x1080
分类: 中央, 名称: 高尔夫网球, 有效: 1, IPv4: 6, IPv6: 0, 最小延迟: 443 ms, 最高速率: 10.29 M/s, 平均速率: 10.29 M/s, 最高分辨率: 1920x1080
分类: 中央, 名称: 文化精品, 有效: 1, IPv4: 6, IPv6: 0, 最小延迟: 419 ms, 最高速率: 10.34 M/s, 平均速率: 10.34 M/s, 最高分辨率: 1920x1080
分类: 中央, 名称: 风云音乐, 有效: 0, IPv4: 12, IPv6: 0, 最小延迟: 531 ms, 最高速率: 0.23 M/s, 平均速率: 0.00 M/s, 最高分辨率: 1920x1080
分类: 中央, 名称: 第一剧场, 有效: 1, IPv4: 26, IPv6: 0, 最小延迟: 150 ms, 最高速率: 11.84 M/s, 平均速率: 11.84 M/s, 最高分辨率: 1920x1080
分类: 中央, 名称: 怀旧剧场, 有效: 1, IPv4: 16, IPv6: 0, 最小延迟: 413 ms, 最高速率: 8.89 M/s, 平均速率: 8.89 M/s, 最高分辨率: 1920x1080
分类: 中央, 名称: 风云剧场, 有效: 1, IPv4: 10, IPv6: 0, 最小延迟: 374 ms, 最高速率: 11.02 M/s, 平均速率: 11.02 M/s, 最高分辨率: 1920x1080
分类: 中央, 名称: 世界地理, 有效: 1, IPv4: 15, IPv6: 0, 最小延迟: 423 ms, 最高速率: 9.88 M/s, 平均速率: 9.88 M/s, 最高分辨率: 1920x1080
分类: 中央, 名称: 电视指南, 有效: 1, IPv4: 7, IPv6: 0, 最小延迟: 486 ms, 最高速率: 10.13 M/s, 平均速率: 10.13 M/s, 最高分辨率: 1920x1080
分类: 中央, 名称: 兵器科技, 有效: 1, IPv4: 10, IPv6: 0, 最小延迟: 389 ms, 最高速率: 8.95 M/s, 平均速率: 8.95 M/s, 最高分辨率: 1920x1080
分类: 中央, 名称: 发现之旅, 有效: 0, IPv4: 10, IPv6: 0, 最小延迟: -1 ms, 最高速率: 0.00 M/s, 平均速率: 0.00 M/s, 最高分辨率: None
分类: 中央, 名称: 女性时尚, 有效: 1, IPv4: 11, IPv6: 0, 最小延迟: 407 ms, 最高速率: 11.74 M/s, 平均速率: 11.74 M/s, 最高分辨率: 1920x1080
分类: 中央, 名称: 央视台球, 有效: 1, IPv4: 11, IPv6: 0, 最小延迟: 391 ms, 最高速率: 10.09 M/s, 平均速率: 10.09 M/s, 最高分辨率: 1920x1080
分类: 中央, 名称: 重温经典, 有效: 1, IPv4: 27, IPv6: 0, 最小延迟: 92 ms, 最高速率: 6.41 M/s, 平均速率: 6.41 M/s, 最高分辨率: 1920x1080
分类: 中央, 名称: 中学生, 有效: 0, IPv4: 9, IPv6: 0, 最小延迟: -1 ms, 最高速率: 0.00 M/s, 平均速率: 0.00 M/s, 最高分辨率: None
分类: 中央, 名称: 百姓健康, 有效: 0, IPv4: 1, IPv6: 0, 最小延迟: -1 ms, 最高速率: 0.00 M/s, 平均速率: 0.00 M/s, 最高分辨率: None
分类: 中央, 名称: 中国天气, 有效: 0, IPv4: 9, IPv6: 0, 最小延迟: -1 ms, 最高速率: 0.00 M/s, 平均速率: 0.00 M/s, 最高分辨率: None
分类: 中央, 名称: 书画, 有效: 0, IPv4: 3, IPv6: 0, 最小延迟: -1 ms, 最高速率: 0.00 M/s, 平均速率: 0.00 M/s, 最高分辨率: None
分类: 中央, 名称: 睛彩广场舞, 有效: 0, IPv4: 3, IPv6: 0, 最小延迟: -1 ms, 最高速率: 0.00 M/s, 平均速率: 0.00 M/s, 最高分辨率: None
分类: 中央, 名称: 睛彩青少, 有效: 0, IPv4: 3, IPv6: 0, 最小延迟: -1 ms, 最高速率: 0.00 M/s, 平均速率: 0.00 M/s, 最高分辨率: None
分类: 中央, 名称: 睛彩竞技, 有效: 0, IPv4: 17, IPv6: 0, 最小延迟: 502 ms, 最高速率: 0.02 M/s, 平均速率: 0.00 M/s, 最高分辨率: None
分类: 中央, 名称: 中国电影, 有效: 0, IPv4: 3, IPv6: 0, 最小延迟: -1 ms, 最高速率: 0.00 M/s, 平均速率: 0.00 M/s, 最高分辨率: None
分类: 中央, 名称: 睛彩篮球, 有效: 0, IPv4: 23, IPv6: 0, 最小延迟: 599 ms, 最高速率: 0.42 M/s, 平均速率: 0.00 M/s, 最高分辨率: 1920x1080
分类: 中央, 名称: CCTV-戏曲, 有效: 0, IPv4: 2, IPv6: 0, 最小延迟: 2158 ms, 最高速率: 0.09 M/s, 平均速率: 0.00 M/s, 最高分辨率: 1920x1080
分类: 中央, 名称: CCTV-4欧洲, 有效: 0, IPv4: 1, IPv6: 0, 最小延迟: -1 ms, 最高速率: 0.00 M/s, 平均速率: 0.00 M/s, 最高分辨率: None
分类: 中央, 名称: CCTV-4美洲, 有效: 0, IPv4: 1, IPv6: 0, 最小延迟: -1 ms, 最高速率: 0.00 M/s, 平均速率: 0.00 M/s, 最高分辨率: None
分类: 中央, 名称: CGTN西语, 有效: 1, IPv4: 4, IPv6: 0, 最小延迟: 815 ms, 最高速率: 8.32 M/s, 平均速率: 8.32 M/s, 最高分辨率: 1920x1080
分类: 中央, 名称: CGTN法语, 有效: 0, IPv4: 5, IPv6: 0, 最小延迟: -1 ms, 最高速率: 0.00 M/s, 平均速率: 0.00 M/s, 最高分辨率: None
分类: 中央, 名称: CGTN阿语, 有效: 0, IPv4: 3, IPv6: 0, 最小延迟: -1 ms, 最高速率: 0.00 M/s, 平均速率: 0.00 M/s, 最高分辨率: None
分类: 中央, 名称: CGTN俄语, 有效: 3, IPv4: 9, IPv6: 0, 最小延迟: 1831 ms, 最高速率: 2.57 M/s, 平均速率: 2.53 M/s, 最高分辨率: 1920x1080
分类: 中央, 名称: CGTN, 有效: 2, IPv4: 24, IPv6: 0, 最小延迟: 118 ms, 最高速率: 17.05 M/s, 平均速率: 12.37 M/s, 最高分辨率: 1920x1080
分类: 中央, 名称: CGTN纪录, 有效: 2, IPv4: 9, IPv6: 0, 最小延迟: 535 ms, 最高速率: 8.03 M/s, 平均速率: 7.71 M/s, 最高分辨率: 1920x1080
分类: 卫视, 名称: 香港卫视, 有效: 0, IPv4: 9, IPv6: 0, 最小延迟: -1 ms, 最高速率: 0.00 M/s, 平均速率: 0.00 M/s, 最高分辨率: None
分类: 卫视, 名称: 广东卫视, 有效: 2, IPv4: 195, IPv6: 0, 最小延迟: 181 ms, 最高速率: 144.46 M/s, 平均速率: 77.77 M/s, 最高分辨率: 1920x1080
分类: 卫视, 名称: 浙江卫视, 有效: 2, IPv4: 192, IPv6: 0, 最小延迟: 169 ms, 最高速率: 22.59 M/s, 平均速率: 16.50 M/s, 最高分辨率: 1920x1080
分类: 卫视, 名称: 湖南卫视, 有效: 5, IPv4: 193, IPv6: 0, 最小延迟: 39 ms, 最高速率: 12.46 M/s, 平均速率: 8.10 M/s, 最高分辨率: 3840x2160
分类: 卫视, 名称: 北京卫视, 有效: 3, IPv4: 184, IPv6: 0, 最小延迟: 422 ms, 最高速率: 9.13 M/s, 平均速率: 4.55 M/s, 最高分辨率: 1920x1080
分类: 卫视, 名称: 湖北卫视, 有效: 1, IPv4: 188, IPv6: 0, 最小延迟: 364 ms, 最高速率: 9.02 M/s, 平均速率: 9.02 M/s, 最高分辨率: 1920x1080
分类: 卫视, 名称: 黑龙江卫视, 有效: 2, IPv4: 159, IPv6: 0, 最小延迟: 344 ms, 最高速率: 19.12 M/s, 平均速率: 14.07 M/s, 最高分辨率: 1920x1080
分类: 卫视, 名称: 安徽卫视, 有效: 1, IPv4: 159, IPv6: 0, 最小延迟: 378 ms, 最高速率: 9.09 M/s, 平均速率: 9.09 M/s, 最高分辨率: 1920x1080
分类: 卫视, 名称: 东方卫视, 有效: 6, IPv4: 191, IPv6: 0, 最小延迟: 154 ms, 最高速率: 13.99 M/s, 平均速率: 6.38 M/s, 最高分辨率: 1920x1080
分类: 卫视, 名称: 重庆卫视, 有效: 1, IPv4: 328, IPv6: 0, 最小延迟: 76 ms, 最高速率: 9.12 M/s, 平均速率: 9.12 M/s, 最高分辨率: 1920x1080
分类: 卫视, 名称: 东南卫视, 有效: 1, IPv4: 158, IPv6: 0, 最小延迟: 76 ms, 最高速率: 8.88 M/s, 平均速率: 8.88 M/s, 最高分辨率: 1920x1080
分类: 卫视, 名称: 甘肃卫视, 有效: 1, IPv4: 96, IPv6: 0, 最小延迟: 371 ms, 最高速率: 8.91 M/s, 平均速率: 8.91 M/s, 最高分辨率: 1920x1080
分类: 卫视, 名称: 广西卫视, 有效: 1, IPv4: 150, IPv6: 0, 最小延迟: 373 ms, 最高速率: 8.84 M/s, 平均速率: 8.84 M/s, 最高分辨率: 1920x1080
分类: 卫视, 名称: 贵州卫视, 有效: 1, IPv4: 167, IPv6: 0, 最小延迟: 429 ms, 最高速率: 7.63 M/s, 平均速率: 7.63 M/s, 最高分辨率: 1920x1080
分类: 卫视, 名称: 海南卫视, 有效: 1, IPv4: 110, IPv6: 0, 最小延迟: 513 ms, 最高速率: 0.52 M/s, 平均速率: 0.52 M/s, 最高分辨率: 1920x1080
分类: 卫视, 名称: 河北卫视, 有效: 1, IPv4: 139, IPv6: 0, 最小延迟: 71 ms, 最高速率: 0.98 M/s, 平均速率: 0.23 M/s, 最高分辨率: 1920x1080
分类: 卫视, 名称: 河南卫视, 有效: 2, IPv4: 163, IPv6: 0, 最小延迟: 94 ms, 最高速率: 9.34 M/s, 平均速率: 7.82 M/s, 最高分辨率: 1920x1080
分类: 卫视, 名称: 吉林卫视, 有效: 1, IPv4: 145, IPv6: 0, 最小延迟: 76 ms, 最高速率: 9.66 M/s, 平均速率: 9.66 M/s, 最高分辨率: 1920x1080
分类: 卫视, 名称: 江苏卫视, 有效: 3, IPv4: 200, IPv6: 0, 最小延迟: 423 ms, 最高速率: 9.05 M/s, 平均速率: 3.78 M/s, 最高分辨率: 1920x1080
分类: 卫视, 名称: 江西卫视, 有效: 1, IPv4: 175, IPv6: 0, 最小延迟: 495 ms, 最高速率: 8.47 M/s, 平均速率: 8.47 M/s, 最高分辨率: 1920x1080
分类: 卫视, 名称: 辽宁卫视, 有效: 1, IPv4: 164, IPv6: 0, 最小延迟: 492 ms, 最高速率: 5.74 M/s, 平均速率: 5.74 M/s, 最高分辨率: 1920x1080
分类: 卫视, 名称: 内蒙古卫视, 有效: 0, IPv4: 89, IPv6: 0, 最小延迟: 398 ms, 最高速率: 5.04 M/s, 平均速率: 0.00 M/s, 最高分辨率: 1920x1080
分类: 卫视, 名称: 宁夏卫视, 有效: 1, IPv4: 117, IPv6: 0, 最小延迟: 442 ms, 最高速率: 9.69 M/s, 平均速率: 9.69 M/s, 最高分辨率: 1920x1080
分类: 卫视, 名称: 青海卫视, 有效: 1, IPv4: 122, IPv6: 0, 最小延迟: 382 ms, 最高速率: 10.04 M/s, 平均速率: 10.04 M/s, 最高分辨率: 1920x1080
分类: 卫视, 名称: 山东卫视, 有效: 1, IPv4: 157, IPv6: 0, 最小延迟: 503 ms, 最高速率: 2.26 M/s, 平均速率: 2.26 M/s, 最高分辨率: 1920x1080
分类: 卫视, 名称: 山西卫视, 有效: 0, IPv4: 105, IPv6: 0, 最小延迟: 2295 ms, 最高速率: 0.18 M/s, 平均速率: 0.00 M/s, 最高分辨率: 1920x1080
分类: 卫视, 名称: 陕西卫视, 有效: 1, IPv4: 123, IPv6: 0, 最小延迟: 384 ms, 最高速率: 11.52 M/s, 平均速率: 11.52 M/s, 最高分辨率: 1920x1080
分类: 卫视, 名称: 四川卫视, 有效: 1, IPv4: 166, IPv6: 0, 最小延迟: 39 ms, 最高速率: 2.54 M/s, 平均速率: 1.11 M/s, 最高分辨率: 3840x2160
分类: 卫视, 名称: 深圳卫视, 有效: 2, IPv4: 164, IPv6: 0, 最小延迟: 503 ms, 最高速率: 7.28 M/s, 平均速率: 3.92 M/s, 最高分辨率: 1920x1080
分类: 卫视, 名称: 三沙卫视, 有效: 2, IPv4: 26, IPv6: 0, 最小延迟: 877 ms, 最高速率: 5.77 M/s, 平均速率: 3.01 M/s, 最高分辨率: 1920x1080
分类: 卫视, 名称: 天津卫视, 有效: 1, IPv4: 160, IPv6: 0, 最小延迟: 493 ms, 最高速率: 0.65 M/s, 平均速率: 0.65 M/s, 最高分辨率: 1920x1080
分类: 卫视, 名称: 西藏卫视, 有效: 0, IPv4: 80, IPv6: 0, 最小延迟: 2241 ms, 最高速率: 0.05 M/s, 平均速率: 0.00 M/s, 最高分辨率: 1920x1080
分类: 卫视, 名称: 新疆卫视, 有效: 0, IPv4: 103, IPv6: 0, 最小延迟: 330 ms, 最高速率: 6.20 M/s, 平均速率: 0.00 M/s, 最高分辨率: 1920x1080
分类: 卫视, 名称: 云南卫视, 有效: 1, IPv4: 128, IPv6: 0, 最小延迟: 438 ms, 最高速率: 7.59 M/s, 平均速率: 7.59 M/s, 最高分辨率: 1920x1080
分类: 卫视, 名称: 兵团卫视, 有效: 0, IPv4: 72, IPv6: 0, 最小延迟: 512 ms, 最高速率: 2.48 M/s, 平均速率: 0.00 M/s, 最高分辨率: 720x576
分类: 北京, 名称: 北京体育休闲, 有效: 0, IPv4: 1, IPv6: 0, 最小延迟: -1 ms, 最高速率: 0.00 M/s, 平均速率: 0.00 M/s, 最高分辨率: None
分类: 北京, 名称: 北京文艺, 有效: 0, IPv4: 2, IPv6: 0, 最小延迟: 10220 ms, 最高速率: 0.26 M/s, 平均速率: 0.00 M/s, 最高分辨率: 1920x1080
分类: 北京, 名称: 北京影视, 有效: 0, IPv4: 2, IPv6: 0, 最小延迟: 10803 ms, 最高速率: 0.33 M/s, 平均速率: 0.00 M/s, 最高分辨率: None
分类: 卫视, 名称: 农林卫视, 有效: 0, IPv4: 11, IPv6: 0, 最小延迟: 1116 ms, 最高速率: 0.26 M/s, 平均速率: 0.00 M/s, 最高分辨率: 1920x1080
分类: 北京, 名称: 北京财经, 有效: 0, IPv4: 10, IPv6: 0, 最小延迟: 30 ms, 最高速率: 4.33 M/s, 平均速率: 0.00 M/s, 最高分辨率: 19x24
分类: 北京, 名称: 北京生活, 有效: 0, IPv4: 9, IPv6: 0, 最小延迟: 72 ms, 最高速率: 0.93 M/s, 平均速率: 0.00 M/s, 最高分辨率: 19x24
分类: 北京, 名称: 北京新闻, 有效: 0, IPv4: 7, IPv6: 0, 最小延迟: 29 ms, 最高速率: 4.08 M/s, 平均速率: 0.00 M/s, 最高分辨率: 1920x1080
分类: 天津, 名称: 天津新闻, 有效: 0, IPv4: 2, IPv6: 0, 最小延迟: -1 ms, 最高速率: 0.00 M/s, 平均速率: 0.00 M/s, 最高分辨率: None
分类: 天津, 名称: 天津文艺, 有效: 0, IPv4: 1, IPv6: 0, 最小延迟: -1 ms, 最高速率: 0.00 M/s, 平均速率: 0.00 M/s, 最高分辨率: None
分类: 天津, 名称: 天津都市, 有效: 0, IPv4: 1, IPv6: 0, 最小延迟: -1 ms, 最高速率: 0.00 M/s, 平均速率: 0.00 M/s, 最高分辨率: None
分类: 北京, 名称: 卡酷少儿, 有效: 0, IPv4: 34, IPv6: 0, 最小延迟: 10072 ms, 最高速率: 0.08 M/s, 平均速率: 0.00 M/s, 最高分辨率: None
分类: 天津, 名称: 津南综合, 有效: 0, IPv4: 2, IPv6: 0, 最小延迟: 55 ms, 最高速率: 4.43 M/s, 平均速率: 0.00 M/s, 最高分辨率: 720x576
分类: 北京, 名称: 北京纪实科教, 有效: 0, IPv4: 2, IPv6: 0, 最小延迟: 9185 ms, 最高速率: 0.83 M/s, 平均速率: 0.00 M/s, 最高分辨率: None
分类: 天津, 名称: 武清综合, 有效: 0, IPv4: 1, IPv6: 0, 最小延迟: 4625 ms, 最高速率: 0.40 M/s, 平均速率: 0.00 M/s, 最高分辨率: 720x576
分类: 河北, 名称: 河北经济生活, 有效: 0, IPv4: 3, IPv6: 0, 最小延迟: 7807 ms, 最高速率: 0.09 M/s, 平均速率: 0.00 M/s, 最高分辨率: 960x540
分类: 河北, 名称: 河北都市, 有效: 0, IPv4: 8, IPv6: 0, 最小延迟: 2650 ms, 最高速率: 0.11 M/s, 平均速率: 0.00 M/s, 最高分辨率: 960x540
分类: 河北, 名称: 河北影视剧, 有效: 0, IPv4: 5, IPv6: 0, 最小延迟: 3348 ms, 最高速率: 0.12 M/s, 平均速率: 0.00 M/s, 最高分辨率: 960x540
分类: 河北, 名称: 石家庄城市服务, 有效: 0, IPv4: 1, IPv6: 0, 最小延迟: -1 ms, 最高速率: 0.00 M/s, 平均速率: 0.00 M/s, 最高分辨率: None
分类: 河北, 名称: 石家庄文化娱乐, 有效: 0, IPv4: 1, IPv6: 0, 最小延迟: -1 ms, 最高速率: 0.00 M/s, 平均速率: 0.00 M/s, 最高分辨率: None
分类: 河北, 名称: 河北少儿科教, 有效: 0, IPv4: 3, IPv6: 0, 最小延迟: -1 ms, 最高速率: 0.00 M/s, 平均速率: 0.00 M/s, 最高分辨率: None
分类: 河北, 名称: 河北文旅公共, 有效: 0, IPv4: 3, IPv6: 0, 最小延迟: 2024 ms, 最高速率: 0.16 M/s, 平均速率: 0.00 M/s, 最高分辨率: 960x540
分类: 河北, 名称: 鹿泉综合, 有效: 0, IPv4: 1, IPv6: 0, 最小延迟: -1 ms, 最高速率: 0.00 M/s, 平均速率: 0.00 M/s, 最高分辨率: None
分类: 河北, 名称: 河北农民, 有效: 0, IPv4: 8, IPv6: 0, 最小延迟: 1257 ms, 最高速率: 0.17 M/s, 平均速率: 0.00 M/s, 最高分辨率: 960x540
分类: 山西, 名称: 山西经济与科技, 有效: 0, IPv4: 1, IPv6: 0, 最小延迟: -1 ms, 最高速率: 0.00 M/s, 平均速率: 0.00 M/s, 最高分辨率: None
分类: 山西, 名称: 山西文体生活, 有效: 0, IPv4: 1, IPv6: 0, 最小延迟: -1 ms, 最高速率: 0.00 M/s, 平均速率: 0.00 M/s, 最高分辨率: None
分类: 山西, 名称: 山西社会与法治, 有效: 0, IPv4: 1, IPv6: 0, 最小延迟: -1 ms, 最高速率: 0.00 M/s, 平均速率: 0.00 M/s, 最高分辨率: None
分类: 山西, 名称: 长治新闻综合, 有效: 0, IPv4: 1, IPv6: 0, 最小延迟: -1 ms, 最高速率: 0.00 M/s, 平均速率: 0.00 M/s, 最高分辨率: None
分类: 河北, 名称: 石家庄新闻综合, 有效: 0, IPv4: 5, IPv6: 0, 最小延迟: -1 ms, 最高速率: 0.00 M/s, 平均速率: 0.00 M/s, 最高分辨率: None
分类: 山西, 名称: 平遥综合, 有效: 0, IPv4: 1, IPv6: 0, 最小延迟: -1 ms, 最高速率: 0.00 M/s, 平均速率: 0.00 M/s, 最高分辨率: None
分类: 河北, 名称: 邢台综合, 有效: 0, IPv4: 1, IPv6: 0, 最小延迟: -1 ms, 最高速率: 0.00 M/s, 平均速率: 0.00 M/s, 最高分辨率: None
分类: 河北, 名称: 唐山影视, 有效: 0, IPv4: 1, IPv6: 0, 最小延迟: -1 ms, 最高速率: 0.00 M/s, 平均速率: 0.00 M/s, 最高分辨率: None
分类: 山西, 名称: 太谷新闻综合, 有效: 2, IPv4: 2, IPv6: 0, 最小延迟: 488 ms, 最高速率: 3.62 M/s, 平均速率: 2.21 M/s, 最高分辨率: 1920x1080
分类: 山西, 名称: 古县综合, 有效: 0, IPv4: 1, IPv6: 0, 最小延迟: 2018 ms, 最高速率: 0.22 M/s, 平均速率: 0.00 M/s, 最高分辨率: None
分类: 河北, 名称: 秦皇岛公共, 有效: 0, IPv4: 1, IPv6: 0, 最小延迟: -1 ms, 最高速率: 0.00 M/s, 平均速率: 0.00 M/s, 最高分辨率: None
分类: 山西, 名称: 祁县综合, 有效: 0, IPv4: 1, IPv6: 0, 最小延迟: 1435 ms, 最高速率: 0.13 M/s, 平均速率: 0.00 M/s, 最高分辨率: 640x360
分类: 河北, 名称: 秦皇岛影视, 有效: 0, IPv4: 1, IPv6: 0, 最小延迟: -1 ms, 最高速率: 0.00 M/s, 平均速率: 0.00 M/s, 最高分辨率: None
分类: 山西, 名称: 定襄综合, 有效: 0, IPv4: 1, IPv6: 0, 最小延迟: 2766 ms, 最高速率: 0.17 M/s, 平均速率: 0.00 M/s, 最高分辨率: None
分类: 山西, 名称: 五台综合, 有效: 0, IPv4: 3, IPv6: 0, 最小延迟: -1 ms, 最高速率: 0.00 M/s, 平均速率: 0.00 M/s, 最高分辨率: None
分类: 山西, 名称: 吉县综合, 有效: 0, IPv4: 2, IPv6: 0, 最小延迟: -1 ms, 最高速率: 0.00 M/s, 平均速率: 0.00 M/s, 最高分辨率: None
分类: 山西, 名称: 汾西综合, 有效: 0, IPv4: 1, IPv6: 0, 最小延迟: -1 ms, 最高速率: 0.00 M/s, 平均速率: 0.00 M/s, 最高分辨率: None
分类: 山西, 名称: 山西影视, 有效: 0, IPv4: 3, IPv6: 0, 最小延迟: -1 ms, 最高速率: 0.00 M/s, 平均速率: 0.00 M/s, 最高分辨率: None
分类: 山西, 名称: 怀仁综合, 有效: 0, IPv4: 2, IPv6: 0, 最小延迟: 1992 ms, 最高速率: 0.24 M/s, 平均速率: 0.00 M/s, 最高分辨率: 1920x1080
分类: 内蒙古, 名称: 内蒙古经济生活, 有效: 0, IPv4: 1, IPv6: 0, 最小延迟: -1 ms, 最高速率: 0.00 M/s, 平均速率: 0.00 M/s, 最高分辨率: None
分类: 内蒙古, 名称: 内蒙古文体娱乐, 有效: 0, IPv4: 2, IPv6: 0, 最小延迟: -1 ms, 最高速率: 0.00 M/s, 平均速率: 0.00 M/s, 最高分辨率: None
分类: 山西, 名称: 武乡综合, 有效: 1, IPv4: 2, IPv6: 0, 最小延迟: 588 ms, 最高速率: 0.30 M/s, 平均速率: 0.30 M/s, 最高分辨率: 1280x720
分类: 内蒙古, 名称: 内蒙古少儿, 有效: 0, IPv4: 4, IPv6: 0, 最小延迟: -1 ms, 最高速率: 0.00 M/s, 平均速率: 0.00 M/s, 最高分辨率: None
分类: 内蒙古, 名称: 内蒙古农牧, 有效: 0, IPv4: 3, IPv6: 0, 最小延迟: -1 ms, 最高速率: 0.00 M/s, 平均速率: 0.00 M/s, 最高分辨率: None
分类: 内蒙古, 名称: 包头新闻综合, 有效: 0, IPv4: 1, IPv6: 0, 最小延迟: -1 ms, 最高速率: 0.00 M/s, 平均速率: 0.00 M/s, 最高分辨率: None
分类: 内蒙古, 名称: 赤峰新闻综合, 有效: 0, IPv4: 1, IPv6: 0, 最小延迟: -1 ms, 最高速率: 0.00 M/s, 平均速率: 0.00 M/s, 最高分辨率: None
分类: 山西, 名称: 万荣综合, 有效: 0, IPv4: 1, IPv6: 0, 最小延迟: 10281 ms, 最高速率: 0.14 M/s, 平均速率: 0.00 M/s, 最高分辨率: 720x404
分类: 内蒙古, 名称: 内蒙古卫视, 有效: 0, IPv4: 1, IPv6: 0, 最小延迟: -1 ms, 最高速率: 0.00 M/s, 平均速率: 0.00 M/s, 最高分辨率: None
分类: 内蒙古, 名称: 内蒙古蒙语卫视, 有效: 0, IPv4: 4, IPv6: 0, 最小延迟: -1 ms, 最高速率: 0.00 M/s, 平均速率: 0.00 M/s, 最高分辨率: None
分类: 内蒙古, 名称: 内蒙古新闻综合, 有效: 0, IPv4: 1, IPv6: 0, 最小延迟: -1 ms, 最高速率: 0.00 M/s, 平均速率: 0.00 M/s, 最高分辨率: None
分类: 内蒙古, 名称: 内蒙古蒙语文化, 有效: 0, IPv4: 2, IPv6: 0, 最小延迟: -1 ms, 最高速率: 0.00 M/s, 平均速率: 0.00 M/s, 最高分辨率: None
分类: 辽宁, 名称: 辽宁都市, 有效: 0, IPv4: 3, IPv6: 0, 最小延迟: 10152 ms, 最高速率: 0.00 M/s, 平均速率: 0.00 M/s, 最高分辨率: None
分类: 辽宁, 名称: 辽宁公共, 有效: 0, IPv4: 4, IPv6: 0, 最小延迟: 10518 ms, 最高速率: 0.00 M/s, 平均速率: 0.00 M/s, 最高分辨率: None
分类: 辽宁, 名称: 辽宁体育休闲, 有效: 0, IPv4: 1, IPv6: 0, 最小延迟: -1 ms, 最高速率: 0.00 M/s, 平均速率: 0.00 M/s, 最高分辨率: None
分类: 辽宁, 名称: 辽宁教育青少, 有效: 0, IPv4: 2, IPv6: 0, 最小延迟: 10433 ms, 最高速率: 0.00 M/s, 平均速率: 0.00 M/s, 最高分辨率: None
分类: 吉林, 名称: 吉林都市, 有效: 0, IPv4: 1, IPv6: 0, 最小延迟: -1 ms, 最高速率: 0.00 M/s, 平均速率: 0.00 M/s, 最高分辨率: None
分类: 吉林, 名称: 吉林生活, 有效: 0, IPv4: 1, IPv6: 0, 最小延迟: -1 ms, 最高速率: 0.00 M/s, 平均速率: 0.00 M/s, 最高分辨率: None
分类: 吉林, 名称: 吉林乡村, 有效: 0, IPv4: 3, IPv6: 0, 最小延迟: 39 ms, 最高速率: 2.53 M/s, 平均速率: 0.00 M/s, 最高分辨率: None
分类: 辽宁, 名称: 辽宁经济, 有效: 0, IPv4: 3, IPv6: 0, 最小延迟: 10724 ms, 最高速率: 0.00 M/s, 平均速率: 0.00 M/s, 最高分辨率: None
分类: 辽宁, 名称: 辽宁生活, 有效: 0, IPv4: 3, IPv6: 0, 最小延迟: 10479 ms, 最高速率: 0.00 M/s, 平均速率: 0.00 M/s, 最高分辨率: None
分类: 辽宁, 名称: 辽宁影视剧, 有效: 0, IPv4: 3, IPv6: 0, 最小延迟: 10479 ms, 最高速率: 0.00 M/s, 平均速率: 0.00 M/s, 最高分辨率: None
分类: 辽宁, 名称: 辽宁北方, 有效: 0, IPv4: 2, IPv6: 0, 最小延迟: 10545 ms, 最高速率: 0.00 M/s, 平均速率: 0.00 M/s, 最高分辨率: None
分类: 辽宁, 名称: 朝阳新闻综合, 有效: 0, IPv4: 1, IPv6: 0, 最小延迟: 10720 ms, 最高速率: 0.00 M/s, 平均速率: 0.00 M/s, 最高分辨率: None
分类: 吉林, 名称: 长春综合, 有效: 0, IPv4: 1, IPv6: 0, 最小延迟: 1621 ms, 最高速率: 0.19 M/s, 平均速率: 0.00 M/s, 最高分辨率: 720x576
分类: 吉林, 名称: 辽源新闻综合, 有效: 1, IPv4: 1, IPv6: 0, 最小延迟: 1800 ms, 最高速率: 0.23 M/s, 平均速率: 0.23 M/s, 最高分辨率: 1280x720
分类: 吉林, 名称: 通化新闻综合, 有效: 2, IPv4: 3, IPv6: 0, 最小延迟: 1723 ms, 最高速率: 0.60 M/s, 平均速率: 0.41 M/s, 最高分辨率: 1920x1080
分类: 吉林, 名称: 延边朝鲜语综合, 有效: 0, IPv4: 4, IPv6: 0, 最小延迟: -1 ms, 最高速率: 0.00 M/s, 平均速率: 0.00 M/s, 最高分辨率: None
分类: 吉林, 名称: 四平新闻综合, 有效: 1, IPv4: 2, IPv6: 0, 最小延迟: 1463 ms, 最高速率: 0.28 M/s, 平均速率: 0.28 M/s, 最高分辨率: 1280x720
分类: 吉林, 名称: 吉林市新闻综合, 有效: 0, IPv4: 1, IPv6: 0, 最小延迟: 1778 ms, 最高速率: 0.21 M/s, 平均速率: 0.00 M/s, 最高分辨率: 720x576
分类: 吉林, 名称: 白城新闻综合, 有效: 0, IPv4: 1, IPv6: 0, 最小延迟: 1596 ms, 最高速率: 0.19 M/s, 平均速率: 0.00 M/s, 最高分辨率: 720x576
分类: 吉林, 名称: 延边汉语综合, 有效: 0, IPv4: 5, IPv6: 0, 最小延迟: 827 ms, 最高速率: 0.19 M/s, 平均速率: 0.00 M/s, 最高分辨率: 720x576
分类: 吉林, 名称: 松原新闻综合, 有效: 0, IPv4: 1, IPv6: 0, 最小延迟: 1861 ms, 最高速率: 0.15 M/s, 平均速率: 0.00 M/s, 最高分辨率: 720x576
分类: 吉林, 名称: 白山新闻综合, 有效: 0, IPv4: 1, IPv6: 0, 最小延迟: 2766 ms, 最高速率: 0.10 M/s, 平均速率: 0.00 M/s, 最高分辨率: 720x576
分类: 吉林, 名称: 汪清综合, 有效: 0, IPv4: 3, IPv6: 0, 最小延迟: 845 ms, 最高速率: 0.09 M/s, 平均速率: 0.00 M/s, 最高分辨率: 320x240
分类: 吉林, 名称: 珲春综合, 有效: 0, IPv4: 2, IPv6: 0, 最小延迟: 1261 ms, 最高速率: 0.17 M/s, 平均速率: 0.00 M/s, 最高分辨率: 720x576
分类: 吉林, 名称: 延边卫视, 有效: 2, IPv4: 53, IPv6: 0, 最小延迟: 69 ms, 最高速率: 26.58 M/s, 平均速率: 21.87 M/s, 最高分辨率: 1280x720
分类: 吉林, 名称: 德惠综合, 有效: 0, IPv4: 2, IPv6: 0, 最小延迟: 1129 ms, 最高速率: 0.13 M/s, 平均速率: 0.00 M/s, 最高分辨率: 720x576
分类: 吉林, 名称: 柳河综合, 有效: 0, IPv4: 3, IPv6: 0, 最小延迟: 613 ms, 最高速率: 0.24 M/s, 平均速率: 0.00 M/s, 最高分辨率: 720x576
分类: 吉林, 名称: 九台综合, 有效: 0, IPv4: 3, IPv6: 0, 最小延迟: 1112 ms, 最高速率: 0.17 M/s, 平均速率: 0.00 M/s, 最高分辨率: 720x576
分类: 吉林, 名称: 磐石综合, 有效: 0, IPv4: 3, IPv6: 0, 最小延迟: 833 ms, 最高速率: 0.22 M/s, 平均速率: 0.00 M/s, 最高分辨率: 720x576
分类: 吉林, 名称: 梅河口综合, 有效: 0, IPv4: 2, IPv6: 0, 最小延迟: 1368 ms, 最高速率: 0.21 M/s, 平均速率: 0.00 M/s, 最高分辨率: 720x576
分类: 吉林, 名称: 东丰综合, 有效: 0, IPv4: 4, IPv6: 0, 最小延迟: 609 ms, 最高速率: 0.32 M/s, 平均速率: 0.00 M/s, 最高分辨率: 720x576
分类: 吉林, 名称: 桦甸综合, 有效: 0, IPv4: 3, IPv6: 0, 最小延迟: 629 ms, 最高速率: 0.22 M/s, 平均速率: 0.00 M/s, 最高分辨率: 720x576
分类: 吉林, 名称: 辉南综合, 有效: 0, IPv4: 3, IPv6: 0, 最小延迟: 1701 ms, 最高速率: 0.30 M/s, 平均速率: 0.00 M/s, 最高分辨率: 720x576
分类: 吉林, 名称: 通化县综合, 有效: 0, IPv4: 2, IPv6: 0, 最小延迟: 1083 ms, 最高速率: 0.09 M/s, 平均速率: 0.00 M/s, 最高分辨率: 320x240
分类: 黑龙江, 名称: 黑龙江新闻法治, 有效: 0, IPv4: 2, IPv6: 0, 最小延迟: 37 ms, 最高速率: 2.51 M/s, 平均速率: 0.00 M/s, 最高分辨率: None
分类: 黑龙江, 名称: 黑龙江都市, 有效: 0, IPv4: 1, IPv6: 0, 最小延迟: 10470 ms, 最高速率: 0.04 M/s, 平均速率: 0.00 M/s, 最高分辨率: None
分类: 黑龙江, 名称: 黑龙江影视, 有效: 0, IPv4: 1, IPv6: 0, 最小延迟: 10764 ms, 最高速率: 0.05 M/s, 平均速率: 0.00 M/s, 最高分辨率: 720x576
分类: 黑龙江, 名称: 黑龙江少儿, 有效: 0, IPv4: 7, IPv6: 0, 最小延迟: -1 ms, 最高速率: 0.00 M/s, 平均速率: 0.00 M/s, 最高分辨率: None
分类: 黑龙江, 名称: 哈尔滨新闻综合, 有效: 0, IPv4: 6, IPv6: 0, 最小延迟: 10065 ms, 最高速率: 0.08 M/s, 平均速率: 0.00 M/s, 最高分辨率: 640x480
分类: 黑龙江, 名称: 哈尔滨生活, 有效: 0, IPv4: 5, IPv6: 0, 最小延迟: 954 ms, 最高速率: 0.04 M/s, 平均速率: 0.00 M/s, 最高分辨率: 640x480
分类: 黑龙江, 名称: 七台河民生社教, 有效: 1, IPv4: 2, IPv6: 0, 最小延迟: 4278 ms, 最高速率: 0.26 M/s, 平均速率: 0.26 M/s, 最高分辨率: 1280x720
分类: 黑龙江, 名称: 哈尔滨影视, 有效: 0, IPv4: 6, IPv6: 0, 最小延迟: 234 ms, 最高速率: 0.04 M/s, 平均速率: 0.00 M/s, 最高分辨率: 640x480
分类: 黑龙江, 名称: 七台河新闻综合, 有效: 0, IPv4: 3, IPv6: 0, 最小延迟: 5662 ms, 最高速率: 0.19 M/s, 平均速率: 0.00 M/s, 最高分辨率: 1280x720
分类: 黑龙江, 名称: 大庆新闻综合, 有效: 0, IPv4: 1, IPv6: 0, 最小延迟: -1 ms, 最高速率: 0.00 M/s, 平均速率: 0.00 M/s, 最高分辨率: None
分类: 黑龙江, 名称: 齐齐哈尔新闻综合, 有效: 0, IPv4: 2, IPv6: 0, 最小延迟: -1 ms, 最高速率: 0.00 M/s, 平均速率: 0.00 M/s, 最高分辨率: None
分类: 黑龙江, 名称: 绥化新闻综合, 有效: 0, IPv4: 2, IPv6: 0, 最小延迟: -1 ms, 最高速率: 0.00 M/s, 平均速率: 0.00 M/s, 最高分辨率: None
分类: 黑龙江, 名称: 甘南综合, 有效: 0, IPv4: 2, IPv6: 0, 最小延迟: 2197 ms, 最高速率: 0.02 M/s, 平均速率: 0.00 M/s, 最高分辨率: 640x480
分类: 黑龙江, 名称: 大兴安岭新闻综合, 有效: 0, IPv4: 2, IPv6: 0, 最小延迟: -1 ms, 最高速率: 0.00 M/s, 平均速率: 0.00 M/s, 最高分辨率: None
分类: 黑龙江, 名称: 佳木斯新闻综合, 有效: 0, IPv4: 1, IPv6: 0, 最小延迟: -1 ms, 最高速率: 0.00 M/s, 平均速率: 0.00 M/s, 最高分辨率: None
分类: 黑龙江, 名称: 黑河新闻综合, 有效: 0, IPv4: 1, IPv6: 0, 最小延迟: -1 ms, 最高速率: 0.00 M/s, 平均速率: 0.00 M/s, 最高分辨率: None
分类: 上海, 名称: 上海新闻综合, 有效: 0, IPv4: 2, IPv6: 0, 最小延迟: -1 ms, 最高速率: 0.00 M/s, 平均速率: 0.00 M/s, 最高分辨率: None
分类: 黑龙江, 名称: 安达综合, 有效: 0, IPv4: 1, IPv6: 0, 最小延迟: -1 ms, 最高速率: 0.00 M/s, 平均速率: 0.00 M/s, 最高分辨率: None
分类: 黑龙江, 名称: 海伦市综合, 有效: 0, IPv4: 1, IPv6: 0, 最小延迟: -1 ms, 最高速率: 0.00 M/s, 平均速率: 0.00 M/s, 最高分辨率: None
分类: 上海, 名称: 东方影视, 有效: 0, IPv4: 10, IPv6: 0, 最小延迟: -1 ms, 最高速率: 0.00 M/s, 平均速率: 0.00 M/s, 最高分辨率: None
分类: 上海, 名称: 东方财经, 有效: 0, IPv4: 8, IPv6: 0, 最小延迟: -1 ms, 最高速率: 0.00 M/s, 平均速率: 0.00 M/s, 最高分辨率: None
分类: 上海, 名称: 第一财经, 有效: 0, IPv4: 22, IPv6: 0, 最小延迟: 36 ms, 最高速率: 2.64 M/s, 平均速率: 0.00 M/s, 最高分辨率: None
分类: 上海, 名称: 五星体育, 有效: 0, IPv4: 11, IPv6: 0, 最小延迟: 612 ms, 最高速率: 0.00 M/s, 平均速率: 0.00 M/s, 最高分辨率: None
分类: 上海, 名称: 上海都市, 有效: 0, IPv4: 10, IPv6: 0, 最小延迟: -1 ms, 最高速率: 0.00 M/s, 平均速率: 0.00 M/s, 最高分辨率: None
分类: 上海, 名称: 东方卫视, 有效: 0, IPv4: 1, IPv6: 0, 最小延迟: -1 ms, 最高速率: 0.00 M/s, 平均速率: 0.00 M/s, 最高分辨率: None
分类: 上海, 名称: 哈哈炫动, 有效: 0, IPv4: 24, IPv6: 0, 最小延迟: 6487 ms, 最高速率: 0.20 M/s, 平均速率: 0.00 M/s, 最高分辨率: None
分类: 上海, 名称: 乐游, 有效: 0, IPv4: 8, IPv6: 0, 最小延迟: -1 ms, 最高速率: 0.00 M/s, 平均速率: 0.00 M/s, 最高分辨率: None
分类: 上海, 名称: 法治天地, 有效: 0, IPv4: 8, IPv6: 0, 最小延迟: -1 ms, 最高速率: 0.00 M/s, 平均速率: 0.00 M/s, 最高分辨率: None
分类: 上海, 名称: 生活时尚, 有效: 0, IPv4: 6, IPv6: 0, 最小延迟: -1 ms, 最高速率: 0.00 M/s, 平均速率: 0.00 M/s, 最高分辨率: None
分类: 上海, 名称: 都市剧场, 有效: 0, IPv4: 10, IPv6: 0, 最小延迟: -1 ms, 最高速率: 0.00 M/s, 平均速率: 0.00 M/s, 最高分辨率: None
分类: 上海, 名称: 金色学堂, 有效: 0, IPv4: 4, IPv6: 0, 最小延迟: -1 ms, 最高速率: 0.00 M/s, 平均速率: 0.00 M/s, 最高分辨率: None
分类: 上海, 名称: 动漫秀场, 有效: 0, IPv4: 14, IPv6: 0, 最小延迟: 525 ms, 最高速率: 0.23 M/s, 平均速率: 0.00 M/s, 最高分辨率: 1920x1080
分类: 上海, 名称: 欢笑剧场, 有效: 0, IPv4: 9, IPv6: 0, 最小延迟: -1 ms, 最高速率: 0.00 M/s, 平均速率: 0.00 M/s, 最高分辨率: None
分类: 江苏, 名称: 江苏新闻, 有效: 0, IPv4: 2, IPv6: 0, 最小延迟: -1 ms, 最高速率: 0.00 M/s, 平均速率: 0.00 M/s, 最高分辨率: None
分类: 上海, 名称: 上海教育, 有效: 0, IPv4: 1, IPv6: 0, 最小延迟: -1 ms, 最高速率: 0.00 M/s, 平均速率: 0.00 M/s, 最高分辨率: None
分类: 江苏, 名称: 江苏城市, 有效: 0, IPv4: 6, IPv6: 0, 最小延迟: -1 ms, 最高速率: 0.00 M/s, 平均速率: 0.00 M/s, 最高分辨率: None
分类: 江苏, 名称: 江苏综艺, 有效: 0, IPv4: 6, IPv6: 0, 最小延迟: -1 ms, 最高速率: 0.00 M/s, 平均速率: 0.00 M/s, 最高分辨率: None
分类: 江苏, 名称: 江苏影视, 有效: 0, IPv4: 8, IPv6: 0, 最小延迟: -1 ms, 最高速率: 0.00 M/s, 平均速率: 0.00 M/s, 最高分辨率: None
分类: 江苏, 名称: 江苏体育休闲, 有效: 0, IPv4: 2, IPv6: 0, 最小延迟: -1 ms, 最高速率: 0.00 M/s, 平均速率: 0.00 M/s, 最高分辨率: None
分类: 江苏, 名称: 优漫卡通, 有效: 0, IPv4: 27, IPv6: 0, 最小延迟: 536 ms, 最高速率: 0.00 M/s, 平均速率: 0.00 M/s, 最高分辨率: None
分类: 江苏, 名称: 江苏教育, 有效: 0, IPv4: 8, IPv6: 0, 最小延迟: -1 ms, 最高速率: 0.00 M/s, 平均速率: 0.00 M/s, 最高分辨率: None
分类: 江苏, 名称: 江苏国际, 有效: 0, IPv4: 5, IPv6: 0, 最小延迟: -1 ms, 最高速率: 0.00 M/s, 平均速率: 0.00 M/s, 最高分辨率: None
分类: 江苏, 名称: 南京新闻综合, 有效: 0, IPv4: 10, IPv6: 0, 最小延迟: -1 ms, 最高速率: 0.00 M/s, 平均速率: 0.00 M/s, 最高分辨率: None
分类: 江苏, 名称: 南京十八生活, 有效: 0, IPv4: 14, IPv6: 0, 最小延迟: -1 ms, 最高速率: 0.00 M/s, 平均速率: 0.00 M/s, 最高分辨率: None
分类: 江苏, 名称: 苏州社会经济, 有效: 1, IPv4: 1, IPv6: 0, 最小延迟: 826 ms, 最高速率: 0.93 M/s, 平均速率: 0.93 M/s, 最高分辨率: 1280x720
分类: 江苏, 名称: 苏州文化生活, 有效: 1, IPv4: 1, IPv6: 0, 最小延迟: 974 ms, 最高速率: 0.41 M/s, 平均速率: 0.41 M/s, 最高分辨率: 1280x720
分类: 江苏, 名称: 苏州生活资讯, 有效: 1, IPv4: 1, IPv6: 0, 最小延迟: 1056 ms, 最高速率: 0.47 M/s, 平均速率: 0.47 M/s, 最高分辨率: 1280x720
分类: 江苏, 名称: 南京少儿, 有效: 0, IPv4: 2, IPv6: 0, 最小延迟: 10323 ms, 最高速率: 0.03 M/s, 平均速率: 0.00 M/s, 最高分辨率: None
分类: 江苏, 名称: 南京教科, 有效: 0, IPv4: 10, IPv6: 0, 最小延迟: -1 ms, 最高速率: 0.00 M/s, 平均速率: 0.00 M/s, 最高分辨率: None
分类: 江苏, 名称: 南通新闻综合, 有效: 0, IPv4: 2, IPv6: 0, 最小延迟: -1 ms, 最高速率: 0.00 M/s, 平均速率: 0.00 M/s, 最高分辨率: None
分类: 江苏, 名称: 南通社教, 有效: 0, IPv4: 1, IPv6: 0, 最小延迟: -1 ms, 最高速率: 0.00 M/s, 平均速率: 0.00 M/s, 最高分辨率: None
分类: 江苏, 名称: 苏州新闻综合, 有效: 1, IPv4: 6, IPv6: 0, 最小延迟: 1045 ms, 最高速率: 0.95 M/s, 平均速率: 0.95 M/s, 最高分辨率: 1920x1080
分类: 江苏, 名称: 苏州4k, 有效: 1, IPv4: 4, IPv6: 0, 最小延迟: 590 ms, 最高速率: 0.99 M/s, 平均速率: 0.99 M/s, 最高分辨率: 3840x2160
分类: 江苏, 名称: 宿迁综合, 有效: 0, IPv4: 4, IPv6: 0, 最小延迟: -1 ms, 最高速率: 0.00 M/s, 平均速率: 0.00 M/s, 最高分辨率: None
分类: 江苏, 名称: 连云港新闻综合, 有效: 0, IPv4: 5, IPv6: 0, 最小延迟: -1 ms, 最高速率: 0.00 M/s, 平均速率: 0.00 M/s, 最高分辨率: None
分类: 江苏, 名称: 盐城新闻综合, 有效: 0, IPv4: 2, IPv6: 0, 最小延迟: -1 ms, 最高速率: 0.00 M/s, 平均速率: 0.00 M/s, 最高分辨率: None
分类: 江苏, 名称: 镇江新闻综合, 有效: 3, IPv4: 5, IPv6: 0, 最小延迟: 154 ms, 最高速率: 7.15 M/s, 平均速率: 3.04 M/s, 最高分辨率: 1920x1080
分类: 江苏, 名称: 镇江社会民生, 有效: 0, IPv4: 1, IPv6: 0, 最小延迟: 4171 ms, 最高速率: 0.48 M/s, 平均速率: 0.00 M/s, 最高分辨率: 1920x1080
分类: 江苏, 名称: 宜兴新闻综合, 有效: 1, IPv4: 3, IPv6: 0, 最小延迟: 285 ms, 最高速率: 3.22 M/s, 平均速率: 3.22 M/s, 最高分辨率: 1280x720
分类: 江苏, 名称: 淮安综合, 有效: 0, IPv4: 9, IPv6: 0, 最小延迟: -1 ms, 最高速率: 0.00 M/s, 平均速率: 0.00 M/s, 最高分辨率: None
分类: 江苏, 名称: 金坛综合, 有效: 0, IPv4: 1, IPv6: 0, 最小延迟: -1 ms, 最高速率: 0.00 M/s, 平均速率: 0.00 M/s, 最高分辨率: None
分类: 江苏, 名称: 武进新闻, 有效: 0, IPv4: 1, IPv6: 0, 最小延迟: 6082 ms, 最高速率: 0.08 M/s, 平均速率: 0.00 M/s, 最高分辨率: 720x576
分类: 江苏, 名称: 溧水新闻综合, 有效: 0, IPv4: 2, IPv6: 0, 最小延迟: -1 ms, 最高速率: 0.00 M/s, 平均速率: 0.00 M/s, 最高分辨率: None
分类: 江苏, 名称: 徐州新闻综合, 有效: 0, IPv4: 5, IPv6: 0, 最小延迟: -1 ms, 最高速率: 0.00 M/s, 平均速率: 0.00 M/s, 最高分辨率: None
分类: 江苏, 名称: 六合新闻综合, 有效: 0, IPv4: 1, IPv6: 0, 最小延迟: -1 ms, 最高速率: 0.00 M/s, 平均速率: 0.00 M/s, 最高分辨率: None
分类: 江苏, 名称: 泰州新闻综合, 有效: 0, IPv4: 3, IPv6: 0, 最小延迟: -1 ms, 最高速率: 0.00 M/s, 平均速率: 0.00 M/s, 最高分辨率: None
分类: 江苏, 名称: 靖江新闻, 有效: 0, IPv4: 3, IPv6: 0, 最小延迟: 53 ms, 最高速率: 2.01 M/s, 平均速率: 0.00 M/s, 最高分辨率: None
分类: 江苏, 名称: 武进生活, 有效: 0, IPv4: 2, IPv6: 0, 最小延迟: 5099 ms, 最高速率: 0.07 M/s, 平均速率: 0.00 M/s, 最高分辨率: 720x576
分类: 江苏, 名称: 宜兴紫砂, 有效: 0, IPv4: 1, IPv6: 0, 最小延迟: -1 ms, 最高速率: 0.00 M/s, 平均速率: 0.00 M/s, 最高分辨率: None
分类: 江苏, 名称: 张家港新闻综合, 有效: 0, IPv4: 2, IPv6: 0, 最小延迟: -1 ms, 最高速率: 0.00 M/s, 平均速率: 0.00 M/s, 最高分辨率: None
分类: 江苏, 名称: 泗阳综合, 有效: 0, IPv4: 1, IPv6: 0, 最小延迟: 1420 ms, 最高速率: 0.08 M/s, 平均速率: 0.00 M/s, 最高分辨率: 1920x1080
分类: 江苏, 名称: 滨海新闻综合, 有效: 0, IPv4: 1, IPv6: 0, 最小延迟: 5757 ms, 最高速率: 0.27 M/s, 平均速率: 0.00 M/s, 最高分辨率: 1920x1080
分类: 江苏, 名称: 江宁综合, 有效: 0, IPv4: 1, IPv6: 0, 最小延迟: -1 ms, 最高速率: 0.00 M/s, 平均速率: 0.00 M/s, 最高分辨率: None
分类: 江苏, 名称: 句容生活, 有效: 0, IPv4: 1, IPv6: 0, 最小延迟: 1532 ms, 最高速率: 0.14 M/s, 平均速率: 0.00 M/s, 最高分辨率: None
分类: 江苏, 名称: 句容新闻综合, 有效: 0, IPv4: 2, IPv6: 0, 最小延迟: 1615 ms, 最高速率: 0.09 M/s, 平均速率: 0.00 M/s, 最高分辨率: 720x576
分类: 江苏, 名称: 句容党建, 有效: 0, IPv4: 1, IPv6: 0, 最小延迟: 2891 ms, 最高速率: 0.07 M/s, 平均速率: 0.00 M/s, 最高分辨率: 720x576
分类: 江苏, 名称: 泗阳资讯, 有效: 0, IPv4: 1, IPv6: 0, 最小延迟: -1 ms, 最高速率: 0.00 M/s, 平均速率: 0.00 M/s, 最高分辨率: None
分类: 浙江, 名称: 浙江钱江都市, 有效: 2, IPv4: 11, IPv6: 0, 最小延迟: 1003 ms, 最高速率: 0.33 M/s, 平均速率: 0.24 M/s, 最高分辨率: 1920x1080
分类: 浙江, 名称: 浙江经济生活, 有效: 2, IPv4: 12, IPv6: 0, 最小延迟: 1004 ms, 最高速率: 0.27 M/s, 平均速率: 0.22 M/s, 最高分辨率: 1920x1080
分类: 浙江, 名称: 浙江教科影视, 有效: 1, IPv4: 11, IPv6: 0, 最小延迟: 1022 ms, 最高速率: 0.50 M/s, 平均速率: 0.50 M/s, 最高分辨率: 1920x1080
分类: 浙江, 名称: 浙江民生休闲, 有效: 2, IPv4: 9, IPv6: 0, 最小延迟: 1004 ms, 最高速率: 0.26 M/s, 平均速率: 0.23 M/s, 最高分辨率: 1920x1080
分类: 浙江, 名称: 浙江新闻, 有效: 1, IPv4: 8, IPv6: 0, 最小延迟: 1007 ms, 最高速率: 0.28 M/s, 平均速率: 0.24 M/s, 最高分辨率: 1920x1080
分类: 浙江, 名称: 浙江好易购, 有效: 0, IPv4: 1, IPv6: 0, 最小延迟: 1015 ms, 最高速率: 0.25 M/s, 平均速率: 0.00 M/s, 最高分辨率: 1920x1080
分类: 浙江, 名称: 浙江国际, 有效: 3, IPv4: 11, IPv6: 0, 最小延迟: 1005 ms, 最高速率: 1.71 M/s, 平均速率: 0.87 M/s, 最高分辨率: 1920x1080
分类: 浙江, 名称: 浙江少儿, 有效: 2, IPv4: 22, IPv6: 0, 最小延迟: 746 ms, 最高速率: 2.43 M/s, 平均速率: 1.37 M/s, 最高分辨率: 1920x1080
分类: 浙江, 名称: 之江纪录, 有效: 0, IPv4: 6, IPv6: 0, 最小延迟: 1004 ms, 最高速率: 0.46 M/s, 平均速率: 0.00 M/s, 最高分辨率: 1920x1080
分类: 浙江, 名称: 杭州综合, 有效: 0, IPv4: 3, IPv6: 0, 最小延迟: -1 ms, 最高速率: 0.00 M/s, 平均速率: 0.00 M/s, 最高分辨率: None
分类: 浙江, 名称: 杭州西湖明珠, 有效: 0, IPv4: 2, IPv6: 0, 最小延迟: -1 ms, 最高速率: 0.00 M/s, 平均速率: 0.00 M/s, 最高分辨率: None
分类: 浙江, 名称: 舟山公共, 有效: 0, IPv4: 1, IPv6: 0, 最小延迟: -1 ms, 最高速率: 0.00 M/s, 平均速率: 0.00 M/s, 最高分辨率: None
分类: 浙江, 名称: 舟山新闻综合, 有效: 0, IPv4: 1, IPv6: 0, 最小延迟: -1 ms, 最高速率: 0.00 M/s, 平均速率: 0.00 M/s, 最高分辨率: None
分类: 浙江, 名称: 杭州生活, 有效: 0, IPv4: 3, IPv6: 0, 最小延迟: -1 ms, 最高速率: 0.00 M/s, 平均速率: 0.00 M/s, 最高分辨率: None
分类: 浙江, 名称: 杭州影视, 有效: 0, IPv4: 2, IPv6: 0, 最小延迟: -1 ms, 最高速率: 0.00 M/s, 平均速率: 0.00 M/s, 最高分辨率: None
分类: 浙江, 名称: 杭州导视, 有效: 0, IPv4: 2, IPv6: 0, 最小延迟: -1 ms, 最高速率: 0.00 M/s, 平均速率: 0.00 M/s, 最高分辨率: None
分类: 浙江, 名称: 求索纪录, 有效: 0, IPv4: 5, IPv6: 0, 最小延迟: 522 ms, 最高速率: 0.00 M/s, 平均速率: 0.00 M/s, 最高分辨率: None
分类: 浙江, 名称: 湖州新闻综合, 有效: 0, IPv4: 3, IPv6: 0, 最小延迟: 1490 ms, 最高速率: 0.14 M/s, 平均速率: 0.00 M/s, 最高分辨率: 1280x720
分类: 浙江, 名称: 丽水新闻综合, 有效: 0, IPv4: 1, IPv6: 0, 最小延迟: 4121 ms, 最高速率: 0.19 M/s, 平均速率: 0.00 M/s, 最高分辨率: 1920x1080
分类: 浙江, 名称: 湖州文化娱乐, 有效: 0, IPv4: 3, IPv6: 0, 最小延迟: 1084 ms, 最高速率: 0.18 M/s, 平均速率: 0.00 M/s, 最高分辨率: 1280x720
分类: 浙江, 名称: 湖州公共, 有效: 0, IPv4: 3, IPv6: 0, 最小延迟: 1092 ms, 最高速率: 0.15 M/s, 平均速率: 0.00 M/s, 最高分辨率: 1280x720
分类: 浙江, 名称: 宁波新闻综合, 有效: 0, IPv4: 1, IPv6: 0, 最小延迟: 9999 ms, 最高速率: 0.09 M/s, 平均速率: 0.00 M/s, 最高分辨率: None
分类: 浙江, 名称: 嘉兴文化影视, 有效: 0, IPv4: 1, IPv6: 0, 最小延迟: -1 ms, 最高速率: 0.00 M/s, 平均速率: 0.00 M/s, 最高分辨率: None
分类: 浙江, 名称: 嘉兴公共, 有效: 0, IPv4: 1, IPv6: 0, 最小延迟: -1 ms, 最高速率: 0.00 M/s, 平均速率: 0.00 M/s, 最高分辨率: None
分类: 浙江, 名称: 台州新闻综合, 有效: 0, IPv4: 1, IPv6: 0, 最小延迟: 811 ms, 最高速率: 0.00 M/s, 平均速率: 0.00 M/s, 最高分辨率: None
分类: 浙江, 名称: 绍兴新闻综合, 有效: 0, IPv4: 4, IPv6: 0, 最小延迟: 7519 ms, 最高速率: 0.10 M/s, 平均速率: 0.00 M/s, 最高分辨率: 1280x720
分类: 浙江, 名称: 绍兴公共, 有效: 0, IPv4: 4, IPv6: 0, 最小延迟: 7817 ms, 最高速率: 0.09 M/s, 平均速率: 0.00 M/s, 最高分辨率: 1280x720
分类: 浙江, 名称: 绍兴文化影视, 有效: 0, IPv4: 2, IPv6: 0, 最小延迟: 7531 ms, 最高速率: 0.10 M/s, 平均速率: 0.00 M/s, 最高分辨率: 1280x720
分类: 浙江, 名称: 嘉兴新闻综合, 有效: 0, IPv4: 3, IPv6: 0, 最小延迟: 2596 ms, 最高速率: 0.42 M/s, 平均速率: 0.00 M/s, 最高分辨率: 1920x1080
分类: 浙江, 名称: 嵊州新闻综合, 有效: 0, IPv4: 2, IPv6: 0, 最小延迟: 1795 ms, 最高速率: 0.10 M/s, 平均速率: 0.00 M/s, 最高分辨率: 1280x720
分类: 浙江, 名称: 上虞新闻综合, 有效: 0, IPv4: 2, IPv6: 0, 最小延迟: 1248 ms, 最高速率: 0.12 M/s, 平均速率: 0.00 M/s, 最高分辨率: 1920x1080
分类: 浙江, 名称: 萧山综合, 有效: 0, IPv4: 8, IPv6: 0, 最小延迟: 2843 ms, 最高速率: 0.09 M/s, 平均速率: 0.00 M/s, 最高分辨率: 1280x720
分类: 浙江, 名称: 衢江综合, 有效: 0, IPv4: 3, IPv6: 0, 最小延迟: 1463 ms, 最高速率: 0.13 M/s, 平均速率: 0.00 M/s, 最高分辨率: 1920x1080
分类: 浙江, 名称: 上虞新商都, 有效: 0, IPv4: 4, IPv6: 0, 最小延迟: 1282 ms, 最高速率: 0.15 M/s, 平均速率: 0.00 M/s, 最高分辨率: 1920x1080
分类: 浙江, 名称: 诸暨新闻综合, 有效: 0, IPv4: 2, IPv6: 0, 最小延迟: 1464 ms, 最高速率: 0.16 M/s, 平均速率: 0.00 M/s, 最高分辨率: 1920x1080
分类: 浙江, 名称: 平湖新闻综合, 有效: 1, IPv4: 4, IPv6: 0, 最小延迟: 1588 ms, 最高速率: 0.93 M/s, 平均速率: 0.93 M/s, 最高分辨率: 1280x720
分类: 浙江, 名称: 龙游生活娱乐, 有效: 0, IPv4: 3, IPv6: 0, 最小延迟: 2076 ms, 最高速率: 0.19 M/s, 平均速率: 0.00 M/s, 最高分辨率: 1280x720
分类: 浙江, 名称: 龙游新闻综合, 有效: 0, IPv4: 3, IPv6: 0, 最小延迟: 1584 ms, 最高速率: 0.18 M/s, 平均速率: 0.00 M/s, 最高分辨率: 1280x720
分类: 浙江, 名称: 遂昌综合, 有效: 1, IPv4: 1, IPv6: 0, 最小延迟: 1764 ms, 最高速率: 0.52 M/s, 平均速率: 0.52 M/s, 最高分辨率: 1920x1080
分类: 浙江, 名称: 青田综合, 有效: 0, IPv4: 2, IPv6: 0, 最小延迟: 1404 ms, 最高速率: 0.12 M/s, 平均速率: 0.00 M/s, 最高分辨率: 1920x1080
分类: 浙江, 名称: 缙云新闻综合, 有效: 0, IPv4: 5, IPv6: 0, 最小延迟: 1428 ms, 最高速率: 0.15 M/s, 平均速率: 0.00 M/s, 最高分辨率: 1280x720
分类: 浙江, 名称: 云和综合, 有效: 0, IPv4: 3, IPv6: 0, 最小延迟: 1552 ms, 最高速率: 0.17 M/s, 平均速率: 0.00 M/s, 最高分辨率: 1280x720
分类: 浙江, 名称: 龙泉综合, 有效: 0, IPv4: 3, IPv6: 0, 最小延迟: 1444 ms, 最高速率: 0.15 M/s, 平均速率: 0.00 M/s, 最高分辨率: 1920x1080
分类: 浙江, 名称: 松阳综合, 有效: 0, IPv4: 6, IPv6: 0, 最小延迟: 1212 ms, 最高速率: 0.16 M/s, 平均速率: 0.00 M/s, 最高分辨率: 1920x1080
分类: 安徽, 名称: 安徽卫视, 有效: 0, IPv4: 1, IPv6: 0, 最小延迟: -1 ms, 最高速率: 0.00 M/s, 平均速率: 0.00 M/s, 最高分辨率: None
分类: 浙江, 名称: 象山新闻综合, 有效: 1, IPv4: 4, IPv6: 0, 最小延迟: 1535 ms, 最高速率: 0.83 M/s, 平均速率: 0.83 M/s, 最高分辨率: 1920x1080
分类: 浙江, 名称: 海宁新闻综合, 有效: 3, IPv4: 3, IPv6: 0, 最小延迟: 565 ms, 最高速率: 1.35 M/s, 平均速率: 0.93 M/s, 最高分辨率: 1280x720
分类: 安徽, 名称: 安徽公共, 有效: 0, IPv4: 1, IPv6: 0, 最小延迟: -1 ms, 最高速率: 0.00 M/s, 平均速率: 0.00 M/s, 最高分辨率: None
分类: 安徽, 名称: 安徽经济生活, 有效: 0, IPv4: 4, IPv6: 0, 最小延迟: 10131 ms, 最高速率: 0.15 M/s, 平均速率: 0.00 M/s, 最高分辨率: None
分类: 安徽, 名称: 安徽影视, 有效: 0, IPv4: 2, IPv6: 0, 最小延迟: -1 ms, 最高速率: 0.00 M/s, 平均速率: 0.00 M/s, 最高分辨率: None
分类: 安徽, 名称: 铜陵新闻综合, 有效: 0, IPv4: 1, IPv6: 0, 最小延迟: -1 ms, 最高速率: 0.00 M/s, 平均速率: 0.00 M/s, 最高分辨率: None
分类: 安徽, 名称: 固镇综合, 有效: 0, IPv4: 3, IPv6: 0, 最小延迟: 1394 ms, 最高速率: 0.13 M/s, 平均速率: 0.00 M/s, 最高分辨率: 1920x1080
分类: 安徽, 名称: 合肥新闻, 有效: 0, IPv4: 1, IPv6: 0, 最小延迟: 10330 ms, 最高速率: 0.11 M/s, 平均速率: 0.00 M/s, 最高分辨率: 720x576
分类: 安徽, 名称: 祁门综合, 有效: 0, IPv4: 2, IPv6: 0, 最小延迟: 3995 ms, 最高速率: 0.00 M/s, 平均速率: 0.00 M/s, 最高分辨率: 1920x1080
分类: 安徽, 名称: 涡阳新闻综合, 有效: 0, IPv4: 1, IPv6: 0, 最小延迟: 2131 ms, 最高速率: 0.09 M/s, 平均速率: 0.00 M/s, 最高分辨率: 544x480
分类: 安徽, 名称: 安徽综艺体育, 有效: 0, IPv4: 5, IPv6: 0, 最小延迟: 10302 ms, 最高速率: 0.10 M/s, 平均速率: 0.00 M/s, 最高分辨率: None
分类: 安徽, 名称: 广德生活, 有效: 0, IPv4: 1, IPv6: 0, 最小延迟: -1 ms, 最高速率: 0.00 M/s, 平均速率: 0.00 M/s, 最高分辨率: None
分类: 安徽, 名称: 安徽导视, 有效: 0, IPv4: 2, IPv6: 0, 最小延迟: 1181 ms, 最高速率: 0.30 M/s, 平均速率: 0.00 M/s, 最高分辨率: 1920x1080
分类: 安徽, 名称: 淮南新闻综合, 有效: 0, IPv4: 1, IPv6: 0, 最小延迟: -1 ms, 最高速率: 0.00 M/s, 平均速率: 0.00 M/s, 最高分辨率: None
分类: 安徽, 名称: 亳州综合, 有效: 0, IPv4: 2, IPv6: 0, 最小延迟: -1 ms, 最高速率: 0.00 M/s, 平均速率: 0.00 M/s, 最高分辨率: None
分类: 福建, 名称: 福建乡村振兴公共, 有效: 0, IPv4: 1, IPv6: 0, 最小延迟: -1 ms, 最高速率: 0.00 M/s, 平均速率: 0.00 M/s, 最高分辨率: None
分类: 福建, 名称: 福建综合, 有效: 0, IPv4: 4, IPv6: 0, 最小延迟: -1 ms, 最高速率: 0.00 M/s, 平均速率: 0.00 M/s, 最高分辨率: None
分类: 福建, 名称: 福建经济, 有效: 0, IPv4: 2, IPv6: 0, 最小延迟: -1 ms, 最高速率: 0.00 M/s, 平均速率: 0.00 M/s, 最高分辨率: None
分类: 福建, 名称: 福建文体, 有效: 0, IPv4: 1, IPv6: 0, 最小延迟: -1 ms, 最高速率: 0.00 M/s, 平均速率: 0.00 M/s, 最高分辨率: None
分类: 福建, 名称: 福州新闻综合, 有效: 0, IPv4: 1, IPv6: 0, 最小延迟: -1 ms, 最高速率: 0.00 M/s, 平均速率: 0.00 M/s, 最高分辨率: None
分类: 福建, 名称: 福建东南, 有效: 0, IPv4: 8, IPv6: 0, 最小延迟: -1 ms, 最高速率: 0.00 M/s, 平均速率: 0.00 M/s, 最高分辨率: None
分类: 福建, 名称: 福建新闻, 有效: 0, IPv4: 4, IPv6: 0, 最小延迟: -1 ms, 最高速率: 0.00 M/s, 平均速率: 0.00 M/s, 最高分辨率: None
分类: 福建, 名称: 福建电视剧, 有效: 0, IPv4: 2, IPv6: 0, 最小延迟: -1 ms, 最高速率: 0.00 M/s, 平均速率: 0.00 M/s, 最高分辨率: None
分类: 福建, 名称: 福建旅游, 有效: 0, IPv4: 4, IPv6: 0, 最小延迟: -1 ms, 最高速率: 0.00 M/s, 平均速率: 0.00 M/s, 最高分辨率: None
分类: 福建, 名称: 福建少儿, 有效: 0, IPv4: 3, IPv6: 0, 最小延迟: -1 ms, 最高速率: 0.00 M/s, 平均速率: 0.00 M/s, 最高分辨率: None
分类: 福建, 名称: 漳州新闻综合, 有效: 0, IPv4: 1, IPv6: 0, 最小延迟: -1 ms, 最高速率: 0.00 M/s, 平均速率: 0.00 M/s, 最高分辨率: None
分类: 福建, 名称: 泉州新闻综合, 有效: 0, IPv4: 1, IPv6: 0, 最小延迟: -1 ms, 最高速率: 0.00 M/s, 平均速率: 0.00 M/s, 最高分辨率: None
分类: 福建, 名称: 宁德新闻综合, 有效: 0, IPv4: 1, IPv6: 0, 最小延迟: -1 ms, 最高速率: 0.00 M/s, 平均速率: 0.00 M/s, 最高分辨率: None
分类: 福建, 名称: 宁化综合, 有效: 0, IPv4: 1, IPv6: 0, 最小延迟: -1 ms, 最高速率: 0.00 M/s, 平均速率: 0.00 M/s, 最高分辨率: None
分类: 江西, 名称: 江西少儿, 有效: 0, IPv4: 1, IPv6: 0, 最小延迟: -1 ms, 最高速率: 0.00 M/s, 平均速率: 0.00 M/s, 最高分辨率: None
分类: 江西, 名称: 南昌新闻综合, 有效: 0, IPv4: 1, IPv6: 0, 最小延迟: -1 ms, 最高速率: 0.00 M/s, 平均速率: 0.00 M/s, 最高分辨率: None
分类: 江西, 名称: 赣州新闻综合, 有效: 0, IPv4: 1, IPv6: 0, 最小延迟: -1 ms, 最高速率: 0.00 M/s, 平均速率: 0.00 M/s, 最高分辨率: None
分类: 福建, 名称: 厦门卫视, 有效: 0, IPv4: 30, IPv6: 0, 最小延迟: 393 ms, 最高速率: 6.99 M/s, 平均速率: 0.00 M/s, 最高分辨率: 720x576
分类: 江西, 名称: 赣州教育, 有效: 0, IPv4: 1, IPv6: 0, 最小延迟: -1 ms, 最高速率: 0.00 M/s, 平均速率: 0.00 M/s, 最高分辨率: None
分类: 江西, 名称: 江西公共农业, 有效: 0, IPv4: 2, IPv6: 0, 最小延迟: -1 ms, 最高速率: 0.00 M/s, 平均速率: 0.00 M/s, 最高分辨率: None
分类: 福建, 名称: 三明综合, 有效: 0, IPv4: 2, IPv6: 0, 最小延迟: -1 ms, 最高速率: 0.00 M/s, 平均速率: 0.00 M/s, 最高分辨率: None
分类: 江西, 名称: 江西新闻, 有效: 0, IPv4: 1, IPv6: 0, 最小延迟: -1 ms, 最高速率: 0.00 M/s, 平均速率: 0.00 M/s, 最高分辨率: None
分类: 福建, 名称: 漳浦综合, 有效: 0, IPv4: 3, IPv6: 0, 最小延迟: -1 ms, 最高速率: 0.00 M/s, 平均速率: 0.00 M/s, 最高分辨率: None
分类: 江西, 名称: 江西都市, 有效: 0, IPv4: 2, IPv6: 0, 最小延迟: -1 ms, 最高速率: 0.00 M/s, 平均速率: 0.00 M/s, 最高分辨率: None
分类: 江西, 名称: 赣州公共, 有效: 0, IPv4: 1, IPv6: 0, 最小延迟: 4383 ms, 最高速率: 0.15 M/s, 平均速率: 0.00 M/s, 最高分辨率: 1920x1080
分类: 江西, 名称: 江西经济生活, 有效: 0, IPv4: 2, IPv6: 0, 最小延迟: -1 ms, 最高速率: 0.00 M/s, 平均速率: 0.00 M/s, 最高分辨率: None
分类: 山东, 名称: 山东齐鲁, 有效: 0, IPv4: 9, IPv6: 0, 最小延迟: -1 ms, 最高速率: 0.00 M/s, 平均速率: 0.00 M/s, 最高分辨率: None
分类: 山东, 名称: 山东文旅, 有效: 0, IPv4: 3, IPv6: 0, 最小延迟: 10473 ms, 最高速率: 0.00 M/s, 平均速率: 0.00 M/s, 最高分辨率: None
分类: 山东, 名称: 山东综艺, 有效: 0, IPv4: 5, IPv6: 0, 最小延迟: 8103 ms, 最高速率: 0.00 M/s, 平均速率: 0.00 M/s, 最高分辨率: None
分类: 山东, 名称: 山东生活, 有效: 0, IPv4: 4, IPv6: 0, 最小延迟: 7112 ms, 最高速率: 0.00 M/s, 平均速率: 0.00 M/s, 最高分辨率: None
分类: 山东, 名称: 山东新闻, 有效: 0, IPv4: 2, IPv6: 0, 最小延迟: -1 ms, 最高速率: 0.00 M/s, 平均速率: 0.00 M/s, 最高分辨率: None
分类: 山东, 名称: 山东体育休闲, 有效: 0, IPv4: 10, IPv6: 0, 最小延迟: 3121 ms, 最高速率: 0.00 M/s, 平均速率: 0.00 M/s, 最高分辨率: None
分类: 山东, 名称: 山东农科, 有效: 0, IPv4: 1, IPv6: 0, 最小延迟: 10812 ms, 最高速率: 0.00 M/s, 平均速率: 0.00 M/s, 最高分辨率: None
分类: 山东, 名称: 山东少儿, 有效: 0, IPv4: 6, IPv6: 0, 最小延迟: 1729 ms, 最高速率: 0.00 M/s, 平均速率: 0.00 M/s, 最高分辨率: None
分类: 山东, 名称: 临沂综合, 有效: 0, IPv4: 1, IPv6: 0, 最小延迟: -1 ms, 最高速率: 0.00 M/s, 平均速率: 0.00 M/s, 最高分辨率: None
分类: 山东, 名称: 临沂公共, 有效: 0, IPv4: 1, IPv6: 0, 最小延迟: -1 ms, 最高速率: 0.00 M/s, 平均速率: 0.00 M/s, 最高分辨率: None
分类: 山东, 名称: 山东教育卫视, 有效: 2, IPv4: 27, IPv6: 0, 最小延迟: 990 ms, 最高速率: 0.39 M/s, 平均速率: 0.34 M/s, 最高分辨率: 1280x720
分类: 山东, 名称: 枣庄新闻综合, 有效: 0, IPv4: 2, IPv6: 0, 最小延迟: -1 ms, 最高速率: 0.00 M/s, 平均速率: 0.00 M/s, 最高分辨率: None
分类: 山东, 名称: 烟台新闻综合, 有效: 0, IPv4: 1, IPv6: 0, 最小延迟: -1 ms, 最高速率: 0.00 M/s, 平均速率: 0.00 M/s, 最高分辨率: None
分类: 山东, 名称: 枣庄公共, 有效: 0, IPv4: 3, IPv6: 0, 最小延迟: -1 ms, 最高速率: 0.00 M/s, 平均速率: 0.00 M/s, 最高分辨率: None
分类: 山东, 名称: 烟台经济科技, 有效: 0, IPv4: 1, IPv6: 0, 最小延迟: -1 ms, 最高速率: 0.00 M/s, 平均速率: 0.00 M/s, 最高分辨率: None
分类: 山东, 名称: 临沂经济, 有效: 0, IPv4: 2, IPv6: 0, 最小延迟: -1 ms, 最高速率: 0.00 M/s, 平均速率: 0.00 M/s, 最高分辨率: None
分类: 山东, 名称: 济宁综合, 有效: 0, IPv4: 3, IPv6: 0, 最小延迟: -1 ms, 最高速率: 0.00 M/s, 平均速率: 0.00 M/s, 最高分辨率: None
分类: 山东, 名称: 济宁公共, 有效: 0, IPv4: 4, IPv6: 0, 最小延迟: -1 ms, 最高速率: 0.00 M/s, 平均速率: 0.00 M/s, 最高分辨率: None
分类: 山东, 名称: 青州综合, 有效: 0, IPv4: 2, IPv6: 0, 最小延迟: -1 ms, 最高速率: 0.00 M/s, 平均速率: 0.00 M/s, 最高分辨率: None
分类: 山东, 名称: 烟台影视, 有效: 0, IPv4: 2, IPv6: 0, 最小延迟: -1 ms, 最高速率: 0.00 M/s, 平均速率: 0.00 M/s, 最高分辨率: None
分类: 山东, 名称: 烟台公共, 有效: 0, IPv4: 2, IPv6: 0, 最小延迟: -1 ms, 最高速率: 0.00 M/s, 平均速率: 0.00 M/s, 最高分辨率: None
分类: 山东, 名称: 泰安综合, 有效: 1, IPv4: 2, IPv6: 0, 最小延迟: 806 ms, 最高速率: 1.02 M/s, 平均速率: 1.02 M/s, 最高分辨率: 1280x720
分类: 河南, 名称: 河南都市, 有效: 0, IPv4: 9, IPv6: 0, 最小延迟: 828 ms, 最高速率: 0.11 M/s, 平均速率: 0.00 M/s, 最高分辨率: 1920x1080
分类: 河南, 名称: 河南法治, 有效: 1, IPv4: 3, IPv6: 0, 最小延迟: 40 ms, 最高速率: 2.33 M/s, 平均速率: 2.33 M/s, 最高分辨率: 1920x1080
分类: 河南, 名称: 河南民生, 有效: 0, IPv4: 8, IPv6: 0, 最小延迟: 810 ms, 最高速率: 0.08 M/s, 平均速率: 0.00 M/s, 最高分辨率: 1920x1080
分类: 河南, 名称: 河南电视剧, 有效: 0, IPv4: 9, IPv6: 0, 最小延迟: -1 ms, 最高速率: 0.00 M/s, 平均速率: 0.00 M/s, 最高分辨率: None
分类: 河南, 名称: 河南新闻, 有效: 1, IPv4: 10, IPv6: 0, 最小延迟: 80 ms, 最高速率: 5.51 M/s, 平均速率: 5.51 M/s, 最高分辨率: 1920x1080
分类: 河南, 名称: 河南乡村, 有效: 1, IPv4: 2, IPv6: 0, 最小延迟: 268 ms, 最高速率: 6.73 M/s, 平均速率: 6.73 M/s, 最高分辨率: 1920x1080
分类: 河南, 名称: 郑州新闻综合, 有效: 0, IPv4: 1, IPv6: 0, 最小延迟: -1 ms, 最高速率: 0.00 M/s, 平均速率: 0.00 M/s, 最高分辨率: None
分类: 河南, 名称: 郑州都市生活, 有效: 0, IPv4: 1, IPv6: 0, 最小延迟: -1 ms, 最高速率: 0.00 M/s, 平均速率: 0.00 M/s, 最高分辨率: None
分类: 河南, 名称: 中华功夫, 有效: 0, IPv4: 1, IPv6: 0, 最小延迟: -1 ms, 最高速率: 0.00 M/s, 平均速率: 0.00 M/s, 最高分辨率: None
分类: 河南, 名称: 河南曲艺, 有效: 1, IPv4: 1, IPv6: 0, 最小延迟: 1791 ms, 最高速率: 0.55 M/s, 平均速率: 0.55 M/s, 最高分辨率: 1920x1080
分类: 河南, 名称: 河南公共, 有效: 1, IPv4: 8, IPv6: 0, 最小延迟: 133 ms, 最高速率: 6.56 M/s, 平均速率: 6.56 M/s, 最高分辨率: 1920x1080
分类: 河南, 名称: 河南移动戏曲, 有效: 0, IPv4: 1, IPv6: 0, 最小延迟: 10670 ms, 最高速率: 0.02 M/s, 平均速率: 0.00 M/s, 最高分辨率: 1920x1080
分类: 河南, 名称: 开封新闻综合, 有效: 0, IPv4: 1, IPv6: 0, 最小延迟: 10451 ms, 最高速率: 0.01 M/s, 平均速率: 0.00 M/s, 最高分辨率: None
分类: 河南, 名称: 开封文化旅游, 有效: 0, IPv4: 1, IPv6: 0, 最小延迟: 10448 ms, 最高速率: 0.01 M/s, 平均速率: 0.00 M/s, 最高分辨率: None
分类: 河南, 名称: 安阳新闻综合, 有效: 0, IPv4: 8, IPv6: 0, 最小延迟: -1 ms, 最高速率: 0.00 M/s, 平均速率: 0.00 M/s, 最高分辨率: None
分类: 河南, 名称: 方城综合, 有效: 0, IPv4: 1, IPv6: 0, 最小延迟: 10026 ms, 最高速率: 0.01 M/s, 平均速率: 0.00 M/s, 最高分辨率: None
分类: 河南, 名称: 封丘新闻综合, 有效: 0, IPv4: 1, IPv6: 0, 最小延迟: 10966 ms, 最高速率: 0.01 M/s, 平均速率: 0.00 M/s, 最高分辨率: None
分类: 河南, 名称: 偃师新闻综合, 有效: 0, IPv4: 1, IPv6: 0, 最小延迟: 10183 ms, 最高速率: 0.01 M/s, 平均速率: 0.00 M/s, 最高分辨率: None
分类: 河南, 名称: 宝丰综合, 有效: 0, IPv4: 1, IPv6: 0, 最小延迟: 10243 ms, 最高速率: 0.01 M/s, 平均速率: 0.00 M/s, 最高分辨率: None
分类: 河南, 名称: 济源综合, 有效: 0, IPv4: 1, IPv6: 0, 最小延迟: 10239 ms, 最高速率: 0.01 M/s, 平均速率: 0.00 M/s, 最高分辨率: None
分类: 河南, 名称: 卫辉综合, 有效: 0, IPv4: 1, IPv6: 0, 最小延迟: 10076 ms, 最高速率: 0.01 M/s, 平均速率: 0.00 M/s, 最高分辨率: None
分类: 河南, 名称: 西华综合, 有效: 0, IPv4: 1, IPv6: 0, 最小延迟: 10473 ms, 最高速率: 0.01 M/s, 平均速率: 0.00 M/s, 最高分辨率: None
分类: 河南, 名称: 鄢陵综合, 有效: 0, IPv4: 1, IPv6: 0, 最小延迟: 10498 ms, 最高速率: 0.01 M/s, 平均速率: 0.00 M/s, 最高分辨率: None
分类: 河南, 名称: 渑池新闻综合, 有效: 0, IPv4: 1, IPv6: 0, 最小延迟: 10676 ms, 最高速率: 0.01 M/s, 平均速率: 0.00 M/s, 最高分辨率: None
分类: 河南, 名称: 禹州综合, 有效: 0, IPv4: 1, IPv6: 0, 最小延迟: 10226 ms, 最高速率: 0.01 M/s, 平均速率: 0.00 M/s, 最高分辨率: None
分类: 河南, 名称: 温县综合, 有效: 0, IPv4: 1, IPv6: 0, 最小延迟: 10383 ms, 最高速率: 0.01 M/s, 平均速率: 0.00 M/s, 最高分辨率: None
分类: 河南, 名称: 新安综合, 有效: 0, IPv4: 1, IPv6: 0, 最小延迟: 10304 ms, 最高速率: 0.01 M/s, 平均速率: 0.00 M/s, 最高分辨率: None
分类: 河南, 名称: 登封综合, 有效: 0, IPv4: 1, IPv6: 0, 最小延迟: 10963 ms, 最高速率: 0.01 M/s, 平均速率: 0.00 M/s, 最高分辨率: None
分类: 河南, 名称: 固始综合, 有效: 0, IPv4: 1, IPv6: 0, 最小延迟: 10238 ms, 最高速率: 0.01 M/s, 平均速率: 0.00 M/s, 最高分辨率: None
分类: 河南, 名称: 唐河综合, 有效: 0, IPv4: 1, IPv6: 0, 最小延迟: 10248 ms, 最高速率: 0.01 M/s, 平均速率: 0.00 M/s, 最高分辨率: None
分类: 河南, 名称: 灵宝综合, 有效: 0, IPv4: 1, IPv6: 0, 最小延迟: 10244 ms, 最高速率: 0.01 M/s, 平均速率: 0.00 M/s, 最高分辨率: None
分类: 河南, 名称: 宜阳综合, 有效: 0, IPv4: 1, IPv6: 0, 最小延迟: 10871 ms, 最高速率: 0.01 M/s, 平均速率: 0.00 M/s, 最高分辨率: None
分类: 河南, 名称: 潢川综合, 有效: 0, IPv4: 1, IPv6: 0, 最小延迟: 10862 ms, 最高速率: 0.01 M/s, 平均速率: 0.00 M/s, 最高分辨率: None
分类: 河南, 名称: 兰考新闻, 有效: 0, IPv4: 1, IPv6: 0, 最小延迟: 10347 ms, 最高速率: 0.01 M/s, 平均速率: 0.00 M/s, 最高分辨率: None
分类: 河南, 名称: 伊川综合, 有效: 0, IPv4: 1, IPv6: 0, 最小延迟: 10845 ms, 最高速率: 0.01 M/s, 平均速率: 0.00 M/s, 最高分辨率: None
分类: 河南, 名称: 扶沟综合, 有效: 0, IPv4: 1, IPv6: 0, 最小延迟: 10235 ms, 最高速率: 0.01 M/s, 平均速率: 0.00 M/s, 最高分辨率: None
分类: 河南, 名称: 邓州综合, 有效: 0, IPv4: 1, IPv6: 0, 最小延迟: 10778 ms, 最高速率: 0.01 M/s, 平均速率: 0.00 M/s, 最高分辨率: None
分类: 河南, 名称: 内黄综合, 有效: 0, IPv4: 1, IPv6: 0, 最小延迟: 10306 ms, 最高速率: 0.01 M/s, 平均速率: 0.00 M/s, 最高分辨率: None
分类: 河南, 名称: 淅川综合, 有效: 0, IPv4: 1, IPv6: 0, 最小延迟: 10775 ms, 最高速率: 0.01 M/s, 平均速率: 0.00 M/s, 最高分辨率: None
分类: 河南, 名称: 沁阳综合, 有效: 0, IPv4: 1, IPv6: 0, 最小延迟: 10234 ms, 最高速率: 0.01 M/s, 平均速率: 0.00 M/s, 最高分辨率: None
分类: 河南, 名称: 泌阳新闻综合, 有效: 0, IPv4: 1, IPv6: 0, 最小延迟: 10208 ms, 最高速率: 0.01 M/s, 平均速率: 0.00 M/s, 最高分辨率: None
分类: 河南, 名称: 嵩县综合新闻, 有效: 0, IPv4: 1, IPv6: 0, 最小延迟: 10234 ms, 最高速率: 0.01 M/s, 平均速率: 0.00 M/s, 最高分辨率: None
分类: 河南, 名称: 新蔡综合, 有效: 0, IPv4: 1, IPv6: 0, 最小延迟: 10228 ms, 最高速率: 0.01 M/s, 平均速率: 0.00 M/s, 最高分辨率: None
分类: 湖北, 名称: 湖北卫视, 有效: 0, IPv4: 1, IPv6: 0, 最小延迟: -1 ms, 最高速率: 0.00 M/s, 平均速率: 0.00 M/s, 最高分辨率: None
分类: 湖北, 名称: 湖北综合, 有效: 0, IPv4: 3, IPv6: 0, 最小延迟: -1 ms, 最高速率: 0.00 M/s, 平均速率: 0.00 M/s, 最高分辨率: None
分类: 河南, 名称: 荥阳综合, 有效: 0, IPv4: 1, IPv6: 0, 最小延迟: 10226 ms, 最高速率: 0.01 M/s, 平均速率: 0.00 M/s, 最高分辨率: None
分类: 河南, 名称: 郏县综合, 有效: 0, IPv4: 1, IPv6: 0, 最小延迟: 10376 ms, 最高速率: 0.01 M/s, 平均速率: 0.00 M/s, 最高分辨率: None
分类: 河南, 名称: 新乡县综合, 有效: 0, IPv4: 1, IPv6: 0, 最小延迟: 10679 ms, 最高速率: 0.01 M/s, 平均速率: 0.00 M/s, 最高分辨率: None
分类: 河南, 名称: 永城新闻综合, 有效: 0, IPv4: 1, IPv6: 0, 最小延迟: 10233 ms, 最高速率: 0.01 M/s, 平均速率: 0.00 M/s, 最高分辨率: None
分类: 河南, 名称: 临颍综合, 有效: 0, IPv4: 1, IPv6: 0, 最小延迟: 10379 ms, 最高速率: 0.01 M/s, 平均速率: 0.00 M/s, 最高分辨率: None
分类: 河南, 名称: 新县综合, 有效: 0, IPv4: 1, IPv6: 0, 最小延迟: 10200 ms, 最高速率: 0.01 M/s, 平均速率: 0.00 M/s, 最高分辨率: 1920x1080
分类: 河南, 名称: 淮滨综合, 有效: 0, IPv4: 1, IPv6: 0, 最小延迟: 10208 ms, 最高速率: 0.01 M/s, 平均速率: 0.00 M/s, 最高分辨率: 1920x1080
分类: 河南, 名称: 光山综合, 有效: 0, IPv4: 1, IPv6: 0, 最小延迟: 10203 ms, 最高速率: 0.01 M/s, 平均速率: 0.00 M/s, 最高分辨率: None
分类: 湖北, 名称: 武汉新闻综合, 有效: 0, IPv4: 1, IPv6: 0, 最小延迟: -1 ms, 最高速率: 0.00 M/s, 平均速率: 0.00 M/s, 最高分辨率: None
分类: 湖北, 名称: 武汉电视剧, 有效: 0, IPv4: 1, IPv6: 0, 最小延迟: -1 ms, 最高速率: 0.00 M/s, 平均速率: 0.00 M/s, 最高分辨率: None
分类: 湖北, 名称: 湖北影视, 有效: 0, IPv4: 4, IPv6: 0, 最小延迟: -1 ms, 最高速率: 0.00 M/s, 平均速率: 0.00 M/s, 最高分辨率: None
分类: 湖北, 名称: 十堰新闻综合, 有效: 0, IPv4: 4, IPv6: 0, 最小延迟: -1 ms, 最高速率: 0.00 M/s, 平均速率: 0.00 M/s, 最高分辨率: None
分类: 湖北, 名称: 湖北生活, 有效: 0, IPv4: 2, IPv6: 0, 最小延迟: -1 ms, 最高速率: 0.00 M/s, 平均速率: 0.00 M/s, 最高分辨率: None
分类: 湖北, 名称: 湖北公共新闻, 有效: 0, IPv4: 1, IPv6: 0, 最小延迟: -1 ms, 最高速率: 0.00 M/s, 平均速率: 0.00 M/s, 最高分辨率: None
分类: 湖北, 名称: 江夏综合, 有效: 0, IPv4: 2, IPv6: 0, 最小延迟: 1375 ms, 最高速率: 0.20 M/s, 平均速率: 0.00 M/s, 最高分辨率: 720x576
分类: 湖北, 名称: 湖北垄上, 有效: 0, IPv4: 4, IPv6: 0, 最小延迟: -1 ms, 最高速率: 0.00 M/s, 平均速率: 0.00 M/s, 最高分辨率: None
分类: 湖北, 名称: 武汉科技生活, 有效: 0, IPv4: 1, IPv6: 0, 最小延迟: -1 ms, 最高速率: 0.00 M/s, 平均速率: 0.00 M/s, 最高分辨率: None
分类: 湖北, 名称: 武汉文体, 有效: 1, IPv4: 2, IPv6: 0, 最小延迟: 623 ms, 最高速率: 0.57 M/s, 平均速率: 0.57 M/s, 最高分辨率: 1920x1080
分类: 湖南, 名称: 湖南经视, 有效: 0, IPv4: 11, IPv6: 0, 最小延迟: -1 ms, 最高速率: 0.00 M/s, 平均速率: 0.00 M/s, 最高分辨率: None
分类: 湖南, 名称: 湖南都市, 有效: 0, IPv4: 9, IPv6: 0, 最小延迟: -1 ms, 最高速率: 0.00 M/s, 平均速率: 0.00 M/s, 最高分辨率: None
分类: 湖南, 名称: 金鹰纪实, 有效: 1, IPv4: 27, IPv6: 0, 最小延迟: 505 ms, 最高速率: 0.56 M/s, 平均速率: 0.56 M/s, 最高分辨率: 1920x1080
分类: 湖南, 名称: 湖南娱乐, 有效: 0, IPv4: 9, IPv6: 0, 最小延迟: -1 ms, 最高速率: 0.00 M/s, 平均速率: 0.00 M/s, 最高分辨率: None
分类: 湖南, 名称: 湖南电视剧, 有效: 1, IPv4: 7, IPv6: 0, 最小延迟: 2595 ms, 最高速率: 0.79 M/s, 平均速率: 0.79 M/s, 最高分辨率: 1920x1080
分类: 湖南, 名称: 湖南电影, 有效: 0, IPv4: 7, IPv6: 0, 最小延迟: -1 ms, 最高速率: 0.00 M/s, 平均速率: 0.00 M/s, 最高分辨率: None
分类: 湖南, 名称: 金鹰卡通, 有效: 0, IPv4: 56, IPv6: 0, 最小延迟: 2354 ms, 最高速率: 0.57 M/s, 平均速率: 0.00 M/s, 最高分辨率: 720x576
分类: 湖南, 名称: 湖南爱晚, 有效: 0, IPv4: 9, IPv6: 0, 最小延迟: -1 ms, 最高速率: 0.00 M/s, 平均速率: 0.00 M/s, 最高分辨率: None
分类: 湖南, 名称: 湖南教育, 有效: 0, IPv4: 3, IPv6: 0, 最小延迟: -1 ms, 最高速率: 0.00 M/s, 平均速率: 0.00 M/s, 最高分辨率: None
分类: 湖南, 名称: 长沙新闻综合, 有效: 0, IPv4: 1, IPv6: 0, 最小延迟: -1 ms, 最高速率: 0.00 M/s, 平均速率: 0.00 M/s, 最高分辨率: None
分类: 湖南, 名称: 长沙政法, 有效: 0, IPv4: 2, IPv6: 0, 最小延迟: -1 ms, 最高速率: 0.00 M/s, 平均速率: 0.00 M/s, 最高分辨率: None
分类: 湖南, 名称: 永州新闻综合, 有效: 0, IPv4: 2, IPv6: 0, 最小延迟: -1 ms, 最高速率: 0.00 M/s, 平均速率: 0.00 M/s, 最高分辨率: None
分类: 湖南, 名称: 快乐垂钓, 有效: 0, IPv4: 20, IPv6: 0, 最小延迟: 486 ms, 最高速率: 0.00 M/s, 平均速率: 0.00 M/s, 最高分辨率: None
分类: 湖南, 名称: 衡阳新闻综合, 有效: 0, IPv4: 1, IPv6: 0, 最小延迟: 7024 ms, 最高速率: 0.01 M/s, 平均速率: 0.00 M/s, 最高分辨率: None
分类: 湖南, 名称: 先锋乒羽, 有效: 0, IPv4: 2, IPv6: 0, 最小延迟: -1 ms, 最高速率: 0.00 M/s, 平均速率: 0.00 M/s, 最高分辨率: None
分类: 湖南, 名称: 湖南国际, 有效: 0, IPv4: 6, IPv6: 0, 最小延迟: -1 ms, 最高速率: 0.00 M/s, 平均速率: 0.00 M/s, 最高分辨率: None
分类: 湖南, 名称: 娄底综合, 有效: 0, IPv4: 1, IPv6: 0, 最小延迟: -1 ms, 最高速率: 0.00 M/s, 平均速率: 0.00 M/s, 最高分辨率: None
分类: 湖南, 名称: 娄底公共, 有效: 0, IPv4: 1, IPv6: 0, 最小延迟: -1 ms, 最高速率: 0.00 M/s, 平均速率: 0.00 M/s, 最高分辨率: None
分类: 广东, 名称: 广东珠江, 有效: 1, IPv4: 31, IPv6: 0, 最小延迟: 172 ms, 最高速率: 48.03 M/s, 平均速率: 1.38 M/s, 最高分辨率: 1920x1080
分类: 广东, 名称: 广东民生, 有效: 0, IPv4: 13, IPv6: 0, 最小延迟: 528 ms, 最高速率: 0.36 M/s, 平均速率: 0.00 M/s, 最高分辨率: None
分类: 广东, 名称: 广东体育, 有效: 0, IPv4: 29, IPv6: 0, 最小延迟: 162 ms, 最高速率: 48.91 M/s, 平均速率: 0.00 M/s, 最高分辨率: None
分类: 广东, 名称: 嘉佳卡通, 有效: 0, IPv4: 30, IPv6: 0, 最小延迟: 10935 ms, 最高速率: 0.01 M/s, 平均速率: 0.00 M/s, 最高分辨率: None
分类: 广东, 名称: 广东新闻, 有效: 0, IPv4: 16, IPv6: 0, 最小延迟: 39 ms, 最高速率: 2.54 M/s, 平均速率: 0.00 M/s, 最高分辨率: 1280x720
分类: 广东, 名称: 广东经济科教, 有效: 0, IPv4: 2, IPv6: 0, 最小延迟: 1565 ms, 最高速率: 0.00 M/s, 平均速率: 0.00 M/s, 最高分辨率: None
分类: 广东, 名称: 大湾区卫视, 有效: 0, IPv4: 37, IPv6: 0, 最小延迟: 10399 ms, 最高速率: 0.22 M/s, 平均速率: 0.00 M/s, 最高分辨率: None
分类: 广东, 名称: 广东影视, 有效: 0, IPv4: 16, IPv6: 0, 最小延迟: 1555 ms, 最高速率: 0.02 M/s, 平均速率: 0.00 M/s, 最高分辨率: None
分类: 广东, 名称: 广东少儿, 有效: 0, IPv4: 16, IPv6: 0, 最小延迟: 538 ms, 最高速率: 0.03 M/s, 平均速率: 0.00 M/s, 最高分辨率: None
分类: 广东, 名称: 广州综合, 有效: 4, IPv4: 17, IPv6: 0, 最小延迟: 541 ms, 最高速率: 0.41 M/s, 平均速率: 0.32 M/s, 最高分辨率: 1280x720
分类: 广东, 名称: 南国都市, 有效: 1, IPv4: 5, IPv6: 0, 最小延迟: 1576 ms, 最高速率: 0.62 M/s, 平均速率: 0.62 M/s, 最高分辨率: 1920x1080
分类: 广东, 名称: 广州新闻, 有效: 2, IPv4: 11, IPv6: 0, 最小延迟: 1309 ms, 最高速率: 0.32 M/s, 平均速率: 0.31 M/s, 最高分辨率: 1280x720
分类: 广东, 名称: 广州法治, 有效: 0, IPv4: 1, IPv6: 0, 最小延迟: -1 ms, 最高速率: 0.00 M/s, 平均速率: 0.00 M/s, 最高分辨率: None
分类: 广东, 名称: 广州影视, 有效: 0, IPv4: 7, IPv6: 0, 最小延迟: -1 ms, 最高速率: 0.00 M/s, 平均速率: 0.00 M/s, 最高分辨率: None
分类: 广东, 名称: 深圳财经生活, 有效: 0, IPv4: 1, IPv6: 0, 最小延迟: -1 ms, 最高速率: 0.00 M/s, 平均速率: 0.00 M/s, 最高分辨率: None
分类: 广东, 名称: 广州竞赛, 有效: 1, IPv4: 8, IPv6: 0, 最小延迟: 487 ms, 最高速率: 8.77 M/s, 平均速率: 8.77 M/s, 最高分辨率: 1280x720
分类: 广东, 名称: 深圳电视剧, 有效: 0, IPv4: 2, IPv6: 0, 最小延迟: -1 ms, 最高速率: 0.00 M/s, 平均速率: 0.00 M/s, 最高分辨率: None
分类: 广东, 名称: 深圳都市, 有效: 0, IPv4: 2, IPv6: 0, 最小延迟: -1 ms, 最高速率: 0.00 M/s, 平均速率: 0.00 M/s, 最高分辨率: None
分类: 广东, 名称: 深圳少儿, 有效: 0, IPv4: 3, IPv6: 0, 最小延迟: 10655 ms, 最高速率: 0.01 M/s, 平均速率: 0.00 M/s, 最高分辨率: None
分类: 广东, 名称: 汕头综合, 有效: 0, IPv4: 4, IPv6: 0, 最小延迟: -1 ms, 最高速率: 0.00 M/s, 平均速率: 0.00 M/s, 最高分辨率: None
分类: 广东, 名称: 汕尾新闻综合, 有效: 0, IPv4: 2, IPv6: 0, 最小延迟: -1 ms, 最高速率: 0.00 M/s, 平均速率: 0.00 M/s, 最高分辨率: None
分类: 广东, 名称: 汕尾文化生活, 有效: 0, IPv4: 2, IPv6: 0, 最小延迟: -1 ms, 最高速率: 0.00 M/s, 平均速率: 0.00 M/s, 最高分辨率: None
分类: 广东, 名称: 佛山综合, 有效: 0, IPv4: 4, IPv6: 0, 最小延迟: -1 ms, 最高速率: 0.00 M/s, 平均速率: 0.00 M/s, 最高分辨率: None
分类: 广东, 名称: 河源综合, 有效: 0, IPv4: 6, IPv6: 0, 最小延迟: 6540 ms, 最高速率: 0.11 M/s, 平均速率: 0.00 M/s, 最高分辨率: 960x540
分类: 广东, 名称: 揭阳生活, 有效: 0, IPv4: 1, IPv6: 0, 最小延迟: -1 ms, 最高速率: 0.00 M/s, 平均速率: 0.00 M/s, 最高分辨率: None
分类: 广东, 名称: 东莞新闻综合, 有效: 1, IPv4: 1, IPv6: 0, 最小延迟: 1969 ms, 最高速率: 0.22 M/s, 平均速率: 0.22 M/s, 最高分辨率: 1280x720
分类: 广东, 名称: 东莞生活资讯, 有效: 1, IPv4: 1, IPv6: 0, 最小延迟: 2164 ms, 最高速率: 0.31 M/s, 平均速率: 0.31 M/s, 最高分辨率: 1280x720
分类: 广东, 名称: 河源生活, 有效: 0, IPv4: 5, IPv6: 0, 最小延迟: 5951 ms, 最高速率: 0.13 M/s, 平均速率: 0.00 M/s, 最高分辨率: 960x540
分类: 广西, 名称: 广西综艺旅游, 有效: 0, IPv4: 1, IPv6: 0, 最小延迟: 1929 ms, 最高速率: 0.31 M/s, 平均速率: 0.00 M/s, 最高分辨率: 1920x1080
分类: 广东, 名称: 云浮综合, 有效: 0, IPv4: 2, IPv6: 0, 最小延迟: -1 ms, 最高速率: 0.00 M/s, 平均速率: 0.00 M/s, 最高分辨率: None
分类: 广东, 名称: 江门综合, 有效: 0, IPv4: 3, IPv6: 0, 最小延迟: -1 ms, 最高速率: 0.00 M/s, 平均速率: 0.00 M/s, 最高分辨率: None
分类: 广东, 名称: 江门侨乡生活, 有效: 0, IPv4: 3, IPv6: 0, 最小延迟: -1 ms, 最高速率: 0.00 M/s, 平均速率: 0.00 M/s, 最高分辨率: None
分类: 广东, 名称: 茂名综合, 有效: 0, IPv4: 4, IPv6: 0, 最小延迟: -1 ms, 最高速率: 0.00 M/s, 平均速率: 0.00 M/s, 最高分辨率: None
分类: 广西, 名称: 广西都市, 有效: 0, IPv4: 9, IPv6: 0, 最小延迟: -1 ms, 最高速率: 0.00 M/s, 平均速率: 0.00 M/s, 最高分辨率: None
分类: 广西, 名称: 广西影视, 有效: 0, IPv4: 9, IPv6: 0, 最小延迟: -1 ms, 最高速率: 0.00 M/s, 平均速率: 0.00 M/s, 最高分辨率: None
分类: 广西, 名称: 广西国际, 有效: 1, IPv4: 1, IPv6: 0, 最小延迟: 1754 ms, 最高速率: 1.67 M/s, 平均速率: 1.67 M/s, 最高分辨率: 1920x1080
分类: 广西, 名称: 南宁新闻综合, 有效: 2, IPv4: 7, IPv6: 0, 最小延迟: 1944 ms, 最高速率: 0.64 M/s, 平均速率: 0.54 M/s, 最高分辨率: 1920x1080
分类: 广西, 名称: 广西新闻, 有效: 1, IPv4: 11, IPv6: 0, 最小延迟: 1552 ms, 最高速率: 1.71 M/s, 平均速率: 1.71 M/s, 最高分辨率: 1920x1080
分类: 广西, 名称: 北海经济科教, 有效: 0, IPv4: 1, IPv6: 0, 最小延迟: -1 ms, 最高速率: 0.00 M/s, 平均速率: 0.00 M/s, 最高分辨率: None
分类: 广西, 名称: 南宁文旅生活, 有效: 1, IPv4: 4, IPv6: 0, 最小延迟: 1078 ms, 最高速率: 0.23 M/s, 平均速率: 0.23 M/s, 最高分辨率: 1280x720
分类: 广西, 名称: 南宁影视娱乐, 有效: 0, IPv4: 1, IPv6: 0, 最小延迟: -1 ms, 最高速率: 0.00 M/s, 平均速率: 0.00 M/s, 最高分辨率: None
分类: 广西, 名称: 南宁公共, 有效: 2, IPv4: 7, IPv6: 0, 最小延迟: 1291 ms, 最高速率: 0.42 M/s, 平均速率: 0.34 M/s, 最高分辨率: 1280x720
分类: 广西, 名称: 北海新闻综合, 有效: 0, IPv4: 1, IPv6: 0, 最小延迟: -1 ms, 最高速率: 0.00 M/s, 平均速率: 0.00 M/s, 最高分辨率: None
分类: 广西, 名称: 来宾综合, 有效: 0, IPv4: 1, IPv6: 0, 最小延迟: 10385 ms, 最高速率: 0.30 M/s, 平均速率: 0.00 M/s, 最高分辨率: 1920x1080
分类: 广西, 名称: 玉林公共, 有效: 0, IPv4: 5, IPv6: 0, 最小延迟: -1 ms, 最高速率: 0.00 M/s, 平均速率: 0.00 M/s, 最高分辨率: None
分类: 广西, 名称: 钦州综合, 有效: 0, IPv4: 1, IPv6: 0, 最小延迟: -1 ms, 最高速率: 0.00 M/s, 平均速率: 0.00 M/s, 最高分辨率: None
分类: 广西, 名称: 钦州公共, 有效: 0, IPv4: 1, IPv6: 0, 最小延迟: -1 ms, 最高速率: 0.00 M/s, 平均速率: 0.00 M/s, 最高分辨率: None
分类: 海南, 名称: 海南文旅, 有效: 1, IPv4: 4, IPv6: 0, 最小延迟: 2570 ms, 最高速率: 0.26 M/s, 平均速率: 0.26 M/s, 最高分辨率: 1280x720
分类: 海南, 名称: 海南综合, 有效: 0, IPv4: 1, IPv6: 0, 最小延迟: 10914 ms, 最高速率: 0.03 M/s, 平均速率: 0.00 M/s, 最高分辨率: None
分类: 海南, 名称: 海南少儿, 有效: 1, IPv4: 6, IPv6: 0, 最小延迟: 2836 ms, 最高速率: 0.30 M/s, 平均速率: 0.30 M/s, 最高分辨率: 1280x720
分类: 重庆, 名称: 重庆新闻, 有效: 0, IPv4: 2, IPv6: 0, 最小延迟: -1 ms, 最高速率: 0.00 M/s, 平均速率: 0.00 M/s, 最高分辨率: None
分类: 重庆, 名称: 重庆社会与法, 有效: 0, IPv4: 1, IPv6: 0, 最小延迟: -1 ms, 最高速率: 0.00 M/s, 平均速率: 0.00 M/s, 最高分辨率: None
分类: 重庆, 名称: 重庆新农村, 有效: 0, IPv4: 1, IPv6: 0, 最小延迟: -1 ms, 最高速率: 0.00 M/s, 平均速率: 0.00 M/s, 最高分辨率: None
分类: 海南, 名称: 海南公共, 有效: 1, IPv4: 4, IPv6: 0, 最小延迟: 2118 ms, 最高速率: 0.25 M/s, 平均速率: 0.25 M/s, 最高分辨率: 1280x720
分类: 重庆, 名称: 重庆时尚购物, 有效: 0, IPv4: 1, IPv6: 0, 最小延迟: -1 ms, 最高速率: 0.00 M/s, 平均速率: 0.00 M/s, 最高分辨率: None
分类: 重庆, 名称: 万州综合, 有效: 0, IPv4: 4, IPv6: 0, 最小延迟: 1539 ms, 最高速率: 0.06 M/s, 平均速率: 0.00 M/s, 最高分辨率: 720x576
分类: 海南, 名称: 海南自贸, 有效: 1, IPv4: 5, IPv6: 0, 最小延迟: 1964 ms, 最高速率: 0.33 M/s, 平均速率: 0.33 M/s, 最高分辨率: 1280x720
分类: 重庆, 名称: 万州三峡移民, 有效: 0, IPv4: 4, IPv6: 0, 最小延迟: 1532 ms, 最高速率: 0.06 M/s, 平均速率: 0.00 M/s, 最高分辨率: 720x576
分类: 重庆, 名称: 垫江综合, 有效: 0, IPv4: 1, IPv6: 0, 最小延迟: -1 ms, 最高速率: 0.00 M/s, 平均速率: 0.00 M/s, 最高分辨率: None
分类: 四川, 名称: 四川文化旅游, 有效: 0, IPv4: 1, IPv6: 0, 最小延迟: -1 ms, 最高速率: 0.00 M/s, 平均速率: 0.00 M/s, 最高分辨率: None
分类: 四川, 名称: 四川经济, 有效: 0, IPv4: 1, IPv6: 0, 最小延迟: -1 ms, 最高速率: 0.00 M/s, 平均速率: 0.00 M/s, 最高分辨率: None
分类: 四川, 名称: 四川新闻, 有效: 0, IPv4: 2, IPv6: 0, 最小延迟: -1 ms, 最高速率: 0.00 M/s, 平均速率: 0.00 M/s, 最高分辨率: None
分类: 重庆, 名称: 荣昌综合, 有效: 0, IPv4: 1, IPv6: 0, 最小延迟: 3276 ms, 最高速率: 0.14 M/s, 平均速率: 0.00 M/s, 最高分辨率: 720x404
分类: 重庆, 名称: 铜梁综合, 有效: 0, IPv4: 2, IPv6: 0, 最小延迟: 2234 ms, 最高速率: 0.06 M/s, 平均速率: 0.00 M/s, 最高分辨率: 720x576
分类: 重庆, 名称: 江津综合, 有效: 0, IPv4: 2, IPv6: 0, 最小延迟: 1963 ms, 最高速率: 0.12 M/s, 平均速率: 0.00 M/s, 最高分辨率: 1920x1080
分类: 四川, 名称: 四川科教, 有效: 0, IPv4: 2, IPv6: 0, 最小延迟: 1446 ms, 最高速率: 0.07 M/s, 平均速率: 0.00 M/s, 最高分辨率: 1920x1080
分类: 四川, 名称: 成都少儿, 有效: 0, IPv4: 1, IPv6: 0, 最小延迟: -1 ms, 最高速率: 0.00 M/s, 平均速率: 0.00 M/s, 最高分辨率: None
分类: 海南, 名称: 海南新闻, 有效: 1, IPv4: 4, IPv6: 0, 最小延迟: 2311 ms, 最高速率: 0.35 M/s, 平均速率: 0.35 M/s, 最高分辨率: 1280x720
分类: 四川, 名称: 康巴卫视, 有效: 0, IPv4: 16, IPv6: 0, 最小延迟: -1 ms, 最高速率: 0.00 M/s, 平均速率: 0.00 M/s, 最高分辨率: None
分类: 四川, 名称: 绵阳科教生活, 有效: 0, IPv4: 1, IPv6: 0, 最小延迟: -1 ms, 最高速率: 0.00 M/s, 平均速率: 0.00 M/s, 最高分辨率: None
分类: 四川, 名称: 雅安新闻综合, 有效: 0, IPv4: 1, IPv6: 0, 最小延迟: 2245 ms, 最高速率: 0.48 M/s, 平均速率: 0.00 M/s, 最高分辨率: 1920x1080
分类: 四川, 名称: 广元综合, 有效: 0, IPv4: 1, IPv6: 0, 最小延迟: 10585 ms, 最高速率: 0.03 M/s, 平均速率: 0.00 M/s, 最高分辨率: None
分类: 四川, 名称: 广元文化生活, 有效: 0, IPv4: 1, IPv6: 0, 最小延迟: 10684 ms, 最高速率: 0.05 M/s, 平均速率: 0.00 M/s, 最高分辨率: None
分类: 四川, 名称: 利州综合, 有效: 0, IPv4: 3, IPv6: 0, 最小延迟: -1 ms, 最高速率: 0.00 M/s, 平均速率: 0.00 M/s, 最高分辨率: None
分类: 四川, 名称: 雅安雨城, 有效: 0, IPv4: 1, IPv6: 0, 最小延迟: 2867 ms, 最高速率: 0.16 M/s, 平均速率: 0.00 M/s, 最高分辨率: None
分类: 四川, 名称: 甘孜综合, 有效: 0, IPv4: 2, IPv6: 0, 最小延迟: -1 ms, 最高速率: 0.00 M/s, 平均速率: 0.00 M/s, 最高分辨率: None
分类: 四川, 名称: 青川综合, 有效: 1, IPv4: 1, IPv6: 0, 最小延迟: 4382 ms, 最高速率: 0.99 M/s, 平均速率: 0.99 M/s, 最高分辨率: 1920x1080
分类: 四川, 名称: 井研新闻综合, 有效: 0, IPv4: 1, IPv6: 0, 最小延迟: 2965 ms, 最高速率: 0.47 M/s, 平均速率: 0.00 M/s, 最高分辨率: 1920x1080
分类: 四川, 名称: 荥经综合, 有效: 0, IPv4: 1, IPv6: 0, 最小延迟: 2696 ms, 最高速率: 0.15 M/s, 平均速率: 0.00 M/s, 最高分辨率: 1920x1080
分类: 四川, 名称: 德阳新闻综合, 有效: 0, IPv4: 2, IPv6: 0, 最小延迟: -1 ms, 最高速率: 0.00 M/s, 平均速率: 0.00 M/s, 最高分辨率: None
分类: 四川, 名称: 德阳文旅科教, 有效: 0, IPv4: 2, IPv6: 0, 最小延迟: -1 ms, 最高速率: 0.00 M/s, 平均速率: 0.00 M/s, 最高分辨率: None
分类: 四川, 名称: 青神综合, 有效: 0, IPv4: 3, IPv6: 0, 最小延迟: -1 ms, 最高速率: 0.00 M/s, 平均速率: 0.00 M/s, 最高分辨率: None
分类: 四川, 名称: 乐山新闻综合, 有效: 0, IPv4: 1, IPv6: 0, 最小延迟: -1 ms, 最高速率: 0.00 M/s, 平均速率: 0.00 M/s, 最高分辨率: None
分类: 四川, 名称: 乐至综合, 有效: 2, IPv4: 2, IPv6: 0, 最小延迟: 2395 ms, 最高速率: 0.77 M/s, 平均速率: 0.76 M/s, 最高分辨率: 1920x1080
分类: 四川, 名称: 朝天综合, 有效: 0, IPv4: 1, IPv6: 0, 最小延迟: 10562 ms, 最高速率: 0.07 M/s, 平均速率: 0.00 M/s, 最高分辨率: None
分类: 四川, 名称: 双流综合, 有效: 0, IPv4: 1, IPv6: 0, 最小延迟: -1 ms, 最高速率: 0.00 M/s, 平均速率: 0.00 M/s, 最高分辨率: None
分类: 四川, 名称: 筠连综合, 有效: 0, IPv4: 1, IPv6: 0, 最小延迟: -1 ms, 最高速率: 0.00 M/s, 平均速率: 0.00 M/s, 最高分辨率: None
分类: 四川, 名称: 叙州综合, 有效: 0, IPv4: 2, IPv6: 0, 最小延迟: -1 ms, 最高速率: 0.00 M/s, 平均速率: 0.00 M/s, 最高分辨率: None
分类: 四川, 名称: 剑阁综合, 有效: 0, IPv4: 2, IPv6: 0, 最小延迟: 10279 ms, 最高速率: 0.20 M/s, 平均速率: 0.00 M/s, 最高分辨率: 960x528
分类: 四川, 名称: 长宁综合, 有效: 0, IPv4: 4, IPv6: 0, 最小延迟: 1026 ms, 最高速率: 0.18 M/s, 平均速率: 0.00 M/s, 最高分辨率: 1920x1080
分类: 云南, 名称: 西双版纳新闻综合, 有效: 0, IPv4: 1, IPv6: 0, 最小延迟: -1 ms, 最高速率: 0.00 M/s, 平均速率: 0.00 M/s, 最高分辨率: None
分类: 四川, 名称: 金川综合, 有效: 0, IPv4: 7, IPv6: 0, 最小延迟: 602 ms, 最高速率: 0.12 M/s, 平均速率: 0.00 M/s, 最高分辨率: 1920x1080
分类: 云南, 名称: 通海综合, 有效: 0, IPv4: 1, IPv6: 0, 最小延迟: -1 ms, 最高速率: 0.00 M/s, 平均速率: 0.00 M/s, 最高分辨率: None
分类: 云南, 名称: 芒市综合, 有效: 0, IPv4: 2, IPv6: 0, 最小延迟: -1 ms, 最高速率: 0.00 M/s, 平均速率: 0.00 M/s, 最高分辨率: None
分类: 四川, 名称: 汶川综合, 有效: 0, IPv4: 1, IPv6: 0, 最小延迟: 10007 ms, 最高速率: 0.00 M/s, 平均速率: 0.00 M/s, 最高分辨率: None
分类: 四川, 名称: 夹江新闻综合, 有效: 0, IPv4: 2, IPv6: 0, 最小延迟: -1 ms, 最高速率: 0.00 M/s, 平均速率: 0.00 M/s, 最高分辨率: None
分类: 云南, 名称: 云南都市, 有效: 0, IPv4: 1, IPv6: 0, 最小延迟: 3660 ms, 最高速率: 0.20 M/s, 平均速率: 0.00 M/s, 最高分辨率: None
分类: 云南, 名称: 云南娱乐, 有效: 0, IPv4: 1, IPv6: 0, 最小延迟: 5231 ms, 最高速率: 0.18 M/s, 平均速率: 0.00 M/s, 最高分辨率: None
分类: 云南, 名称: 陇川综合, 有效: 0, IPv4: 2, IPv6: 0, 最小延迟: 2965 ms, 最高速率: 0.41 M/s, 平均速率: 0.00 M/s, 最高分辨率: 1920x1080
分类: 陕西, 名称: 陕西体育休闲, 有效: 0, IPv4: 2, IPv6: 0, 最小延迟: -1 ms, 最高速率: 0.00 M/s, 平均速率: 0.00 M/s, 最高分辨率: None
分类: 陕西, 名称: 陕西都市青春, 有效: 0, IPv4: 3, IPv6: 0, 最小延迟: 10675 ms, 最高速率: 0.03 M/s, 平均速率: 0.00 M/s, 最高分辨率: 720x576
分类: 四川, 名称: 康定综合, 有效: 0, IPv4: 1, IPv6: 0, 最小延迟: -1 ms, 最高速率: 0.00 M/s, 平均速率: 0.00 M/s, 最高分辨率: None
分类: 云南, 名称: 易门综合, 有效: 0, IPv4: 1, IPv6: 0, 最小延迟: 10091 ms, 最高速率: 0.09 M/s, 平均速率: 0.00 M/s, 最高分辨率: None
分类: 云南, 名称: 普洱新闻综合, 有效: 0, IPv4: 1, IPv6: 0, 最小延迟: -1 ms, 最高速率: 0.00 M/s, 平均速率: 0.00 M/s, 最高分辨率: None
分类: 陕西, 名称: 陕西银龄, 有效: 0, IPv4: 3, IPv6: 0, 最小延迟: 10106 ms, 最高速率: 0.06 M/s, 平均速率: 0.00 M/s, 最高分辨率: 720x576
分类: 西藏, 名称: 西藏影视文化, 有效: 0, IPv4: 1, IPv6: 0, 最小延迟: -1 ms, 最高速率: 0.00 M/s, 平均速率: 0.00 M/s, 最高分辨率: None
分类: 陕西, 名称: 陕西新闻资讯, 有效: 0, IPv4: 4, IPv6: 0, 最小延迟: 10351 ms, 最高速率: 0.03 M/s, 平均速率: 0.00 M/s, 最高分辨率: 720x576
分类: 陕西, 名称: 西安都市, 有效: 0, IPv4: 1, IPv6: 0, 最小延迟: 10695 ms, 最高速率: 0.05 M/s, 平均速率: 0.00 M/s, 最高分辨率: 720x576
分类: 陕西, 名称: 陕西秦腔, 有效: 0, IPv4: 3, IPv6: 0, 最小延迟: 10556 ms, 最高速率: 0.03 M/s, 平均速率: 0.00 M/s, 最高分辨率: 720x576
分类: 甘肃, 名称: 甘肃少儿, 有效: 0, IPv4: 6, IPv6: 0, 最小延迟: 10004 ms, 最高速率: 0.00 M/s, 平均速率: 0.00 M/s, 最高分辨率: None
分类: 甘肃, 名称: 酒泉综合, 有效: 0, IPv4: 1, IPv6: 0, 最小延迟: -1 ms, 最高速率: 0.00 M/s, 平均速率: 0.00 M/s, 最高分辨率: None
分类: 甘肃, 名称: 嘉峪关综合, 有效: 0, IPv4: 5, IPv6: 0, 最小延迟: 1897 ms, 最高速率: 1.05 M/s, 平均速率: 0.00 M/s, 最高分辨率: None
分类: 甘肃, 名称: 武威综合, 有效: 0, IPv4: 1, IPv6: 0, 最小延迟: -1 ms, 最高速率: 0.00 M/s, 平均速率: 0.00 M/s, 最高分辨率: None
分类: 甘肃, 名称: 张掖新闻综合, 有效: 0, IPv4: 2, IPv6: 0, 最小延迟: 2256 ms, 最高速率: 0.85 M/s, 平均速率: 0.00 M/s, 最高分辨率: None
分类: 甘肃, 名称: 金昌综合, 有效: 0, IPv4: 2, IPv6: 0, 最小延迟: -1 ms, 最高速率: 0.00 M/s, 平均速率: 0.00 M/s, 最高分辨率: None
分类: 甘肃, 名称: 平凉新闻综合, 有效: 0, IPv4: 2, IPv6: 0, 最小延迟: 1382 ms, 最高速率: 0.13 M/s, 平均速率: 0.00 M/s, 最高分辨率: 720x404
分类: 甘肃, 名称: 白银综合, 有效: 1, IPv4: 2, IPv6: 0, 最小延迟: 1708 ms, 最高速率: 0.94 M/s, 平均速率: 0.94 M/s, 最高分辨率: 1920x1080
分类: 甘肃, 名称: 临夏综合, 有效: 0, IPv4: 1, IPv6: 0, 最小延迟: 1023 ms, 最高速率: 0.62 M/s, 平均速率: 0.00 M/s, 最高分辨率: 720x576
分类: 甘肃, 名称: 定西综合, 有效: 0, IPv4: 3, IPv6: 0, 最小延迟: -1 ms, 最高速率: 0.00 M/s, 平均速率: 0.00 M/s, 最高分辨率: None
分类: 甘肃, 名称: 通渭综合, 有效: 0, IPv4: 3, IPv6: 0, 最小延迟: -1 ms, 最高速率: 0.00 M/s, 平均速率: 0.00 M/s, 最高分辨率: None
分类: 甘肃, 名称: 秦安综合, 有效: 1, IPv4: 3, IPv6: 0, 最小延迟: 1938 ms, 最高速率: 0.96 M/s, 平均速率: 0.89 M/s, 最高分辨率: 1920x1080
分类: 甘肃, 名称: 靖远综合, 有效: 0, IPv4: 2, IPv6: 0, 最小延迟: -1 ms, 最高速率: 0.00 M/s, 平均速率: 0.00 M/s, 最高分辨率: None
分类: 甘肃, 名称: 定西文旅生活, 有效: 0, IPv4: 2, IPv6: 0, 最小延迟: -1 ms, 最高速率: 0.00 M/s, 平均速率: 0.00 M/s, 最高分辨率: None
分类: 青海, 名称: 青海卫视, 有效: 0, IPv4: 1, IPv6: 0, 最小延迟: -1 ms, 最高速率: 0.00 M/s, 平均速率: 0.00 M/s, 最高分辨率: None
分类: 青海, 名称: 青海经视, 有效: 0, IPv4: 1, IPv6: 0, 最小延迟: -1 ms, 最高速率: 0.00 M/s, 平均速率: 0.00 M/s, 最高分辨率: None
分类: 甘肃, 名称: 景泰综合, 有效: 0, IPv4: 2, IPv6: 0, 最小延迟: -1 ms, 最高速率: 0.00 M/s, 平均速率: 0.00 M/s, 最高分辨率: None
分类: 甘肃, 名称: 天祝综合, 有效: 0, IPv4: 1, IPv6: 0, 最小延迟: 2193 ms, 最高速率: 0.28 M/s, 平均速率: 0.00 M/s, 最高分辨率: 1920x1080
分类: 甘肃, 名称: 岷县综合, 有效: 0, IPv4: 1, IPv6: 0, 最小延迟: -1 ms, 最高速率: 0.00 M/s, 平均速率: 0.00 M/s, 最高分辨率: None
分类: 甘肃, 名称: 成县综合, 有效: 0, IPv4: 1, IPv6: 0, 最小延迟: -1 ms, 最高速率: 0.00 M/s, 平均速率: 0.00 M/s, 最高分辨率: None
分类: 甘肃, 名称: 永昌综合, 有效: 1, IPv4: 3, IPv6: 0, 最小延迟: 1857 ms, 最高速率: 1.09 M/s, 平均速率: 1.09 M/s, 最高分辨率: 1920x1080
分类: 甘肃, 名称: 西峰综合, 有效: 2, IPv4: 3, IPv6: 0, 最小延迟: 1642 ms, 最高速率: 0.85 M/s, 平均速率: 0.74 M/s, 最高分辨率: 1280x720
分类: 青海, 名称: 青海都市, 有效: 0, IPv4: 1, IPv6: 0, 最小延迟: -1 ms, 最高速率: 0.00 M/s, 平均速率: 0.00 M/s, 最高分辨率: None
分类: 青海, 名称: 安多卫视, 有效: 0, IPv4: 23, IPv6: 0, 最小延迟: 10005 ms, 最高速率: 0.00 M/s, 平均速率: 0.00 M/s, 最高分辨率: None
分类: 宁夏, 名称: 宁夏经济, 有效: 0, IPv4: 4, IPv6: 0, 最小延迟: 38 ms, 最高速率: 2.54 M/s, 平均速率: 0.00 M/s, 最高分辨率: None
分类: 青海, 名称: 化隆新闻综合, 有效: 0, IPv4: 3, IPv6: 0, 最小延迟: -1 ms, 最高速率: 0.00 M/s, 平均速率: 0.00 M/s, 最高分辨率: None
分类: 宁夏, 名称: 宁夏文旅, 有效: 0, IPv4: 1, IPv6: 0, 最小延迟: -1 ms, 最高速率: 0.00 M/s, 平均速率: 0.00 M/s, 最高分辨率: None
分类: 宁夏, 名称: 宁夏少儿, 有效: 0, IPv4: 1, IPv6: 0, 最小延迟: -1 ms, 最高速率: 0.00 M/s, 平均速率: 0.00 M/s, 最高分辨率: None
分类: 青海, 名称: 门源新闻综合, 有效: 0, IPv4: 2, IPv6: 0, 最小延迟: -1 ms, 最高速率: 0.00 M/s, 平均速率: 0.00 M/s, 最高分辨率: None
分类: 宁夏, 名称: 宁夏公共, 有效: 0, IPv4: 1, IPv6: 0, 最小延迟: -1 ms, 最高速率: 0.00 M/s, 平均速率: 0.00 M/s, 最高分辨率: None
分类: 青海, 名称: 兴海新闻综合, 有效: 0, IPv4: 1, IPv6: 0, 最小延迟: -1 ms, 最高速率: 0.00 M/s, 平均速率: 0.00 M/s, 最高分辨率: None
分类: 青海, 名称: 贵南新闻综合, 有效: 0, IPv4: 3, IPv6: 0, 最小延迟: -1 ms, 最高速率: 0.00 M/s, 平均速率: 0.00 M/s, 最高分辨率: None
分类: 宁夏, 名称: 吴忠公共, 有效: 0, IPv4: 2, IPv6: 0, 最小延迟: 1208 ms, 最高速率: 0.07 M/s, 平均速率: 0.00 M/s, 最高分辨率: 320x240
分类: 宁夏, 名称: 吴忠综合, 有效: 0, IPv4: 2, IPv6: 0, 最小延迟: 2090 ms, 最高速率: 0.05 M/s, 平均速率: 0.00 M/s, 最高分辨率: 320x240
分类: 兵团, 名称: 五师综合, 有效: 0, IPv4: 2, IPv6: 0, 最小延迟: 1069 ms, 最高速率: 0.19 M/s, 平均速率: 0.00 M/s, 最高分辨率: 720x576
分类: 新疆, 名称: 伊犁汉语综合, 有效: 0, IPv4: 2, IPv6: 0, 最小延迟: -1 ms, 最高速率: 0.00 M/s, 平均速率: 0.00 M/s, 最高分辨率: None
分类: 新疆, 名称: 哈密维语综合, 有效: 1, IPv4: 1, IPv6: 0, 最小延迟: 83 ms, 最高速率: 8.05 M/s, 平均速率: 8.05 M/s, 最高分辨率: 1920x1080
分类: 新疆, 名称: 哈密影视文艺, 有效: 1, IPv4: 1, IPv6: 0, 最小延迟: 82 ms, 最高速率: 8.34 M/s, 平均速率: 8.34 M/s, 最高分辨率: 1920x1080
分类: 兵团, 名称: 石河子新闻综合, 有效: 0, IPv4: 2, IPv6: 0, 最小延迟: -1 ms, 最高速率: 0.00 M/s, 平均速率: 0.00 M/s, 最高分辨率: None
分类: 新疆, 名称: 哈密汉语综合, 有效: 0, IPv4: 1, IPv6: 0, 最小延迟: 734 ms, 最高速率: 0.17 M/s, 平均速率: 0.00 M/s, 最高分辨率: 1920x1080
分类: 新疆, 名称: 新疆哈萨克语综艺, 有效: 1, IPv4: 3, IPv6: 0, 最小延迟: 8394 ms, 最高速率: 0.86 M/s, 平均速率: 0.86 M/s, 最高分辨率: 1920x1080
分类: 新疆, 名称: 伊犁哈语综合, 有效: 2, IPv4: 2, IPv6: 0, 最小延迟: 4525 ms, 最高速率: 1.10 M/s, 平均速率: 0.94 M/s, 最高分辨率: 1920x1080
分类: 新疆, 名称: 沙湾综合, 有效: 0, IPv4: 2, IPv6: 0, 最小延迟: -1 ms, 最高速率: 0.00 M/s, 平均速率: 0.00 M/s, 最高分辨率: None
分类: 新疆, 名称: 伊犁维语综合, 有效: 2, IPv4: 2, IPv6: 0, 最小延迟: 4151 ms, 最高速率: 0.60 M/s, 平均速率: 0.59 M/s, 最高分辨率: 1920x1080
分类: 新疆, 名称: 奎屯综合, 有效: 0, IPv4: 2, IPv6: 0, 最小延迟: 3410 ms, 最高速率: 0.15 M/s, 平均速率: 0.00 M/s, 最高分辨率: 0x0
分类: 新疆, 名称: 玛纳斯综合, 有效: 0, IPv4: 3, IPv6: 0, 最小延迟: 4451 ms, 最高速率: 0.15 M/s, 平均速率: 0.00 M/s, 最高分辨率: 1920x1080
分类: 新疆, 名称: 伊犁汉语经济, 有效: 2, IPv4: 2, IPv6: 0, 最小延迟: 8252 ms, 最高速率: 0.73 M/s, 平均速率: 0.72 M/s, 最高分辨率: 1920x1080
分类: NewTV, 名称: NewTV军旅剧场, 有效: 0, IPv4: 2, IPv6: 0, 最小延迟: -1 ms, 最高速率: 0.00 M/s, 平均速率: 0.00 M/s, 最高分辨率: None
分类: NewTV, 名称: NewTV金牌综艺, 有效: 0, IPv4: 3, IPv6: 0, 最小延迟: -1 ms, 最高速率: 0.00 M/s, 平均速率: 0.00 M/s, 最高分辨率: None
分类: NewTV, 名称: NewTV惊悚悬疑, 有效: 0, IPv4: 1, IPv6: 0, 最小延迟: -1 ms, 最高速率: 0.00 M/s, 平均速率: 0.00 M/s, 最高分辨率: None
分类: NewTV, 名称: NewTV潮妈辣婆, 有效: 0, IPv4: 1, IPv6: 0, 最小延迟: -1 ms, 最高速率: 0.00 M/s, 平均速率: 0.00 M/s, 最高分辨率: None
分类: NewTV, 名称: NewTV超级综艺, 有效: 0, IPv4: 2, IPv6: 0, 最小延迟: -1 ms, 最高速率: 0.00 M/s, 平均速率: 0.00 M/s, 最高分辨率: None
分类: NewTV, 名称: NewTV超级电影, 有效: 0, IPv4: 3, IPv6: 0, 最小延迟: -1 ms, 最高速率: 0.00 M/s, 平均速率: 0.00 M/s, 最高分辨率: None
分类: NewTV, 名称: NewTV超级电视剧, 有效: 0, IPv4: 3, IPv6: 0, 最小延迟: -1 ms, 最高速率: 0.00 M/s, 平均速率: 0.00 M/s, 最高分辨率: None
分类: NewTV, 名称: NewTV爱情喜剧, 有效: 0, IPv4: 3, IPv6: 0, 最小延迟: -1 ms, 最高速率: 0.00 M/s, 平均速率: 0.00 M/s, 最高分辨率: None
分类: NewTV, 名称: NewTV动作电影, 有效: 0, IPv4: 3, IPv6: 0, 最小延迟: -1 ms, 最高速率: 0.00 M/s, 平均速率: 0.00 M/s, 最高分辨率: None
分类: NewTV, 名称: NewTV中国功夫, 有效: 0, IPv4: 2, IPv6: 0, 最小延迟: -1 ms, 最高速率: 0.00 M/s, 平均速率: 0.00 M/s, 最高分辨率: None
分类: NewTV, 名称: NewTV家庭剧场, 有效: 0, IPv4: 1, IPv6: 0, 最小延迟: -1 ms, 最高速率: 0.00 M/s, 平均速率: 0.00 M/s, 最高分辨率: None
分类: NewTV, 名称: NewTV欢乐剧场, 有效: 0, IPv4: 2, IPv6: 0, 最小延迟: -1 ms, 最高速率: 0.00 M/s, 平均速率: 0.00 M/s, 最高分辨率: None
分类: NewTV, 名称: NewTV古装剧场, 有效: 0, IPv4: 3, IPv6: 0, 最小延迟: -1 ms, 最高速率: 0.00 M/s, 平均速率: 0.00 M/s, 最高分辨率: None
分类: NewTV, 名称: NewTV东北热剧, 有效: 0, IPv4: 2, IPv6: 0, 最小延迟: -1 ms, 最高速率: 0.00 M/s, 平均速率: 0.00 M/s, 最高分辨率: None
分类: NewTV, 名称: NewTV超级体育, 有效: 0, IPv4: 6, IPv6: 0, 最小延迟: -1 ms, 最高速率: 0.00 M/s, 平均速率: 0.00 M/s, 最高分辨率: None
分类: 🌊港·澳·台, 名称: 翡翠台, 有效: 0, IPv4: 47, IPv6: 0, 最小延迟: 118 ms, 最高速率: 4.68 M/s, 平均速率: 0.00 M/s, 最高分辨率: 1920x1080
分类: 🌊港·澳·台, 名称: 明珠台, 有效: 0, IPv4: 22, IPv6: 0, 最小延迟: 57 ms, 最高速率: 29.69 M/s, 平均速率: 0.00 M/s, 最高分辨率: 1920x1080
分类: 🌊港·澳·台, 名称: TVB Plus, 有效: 1, IPv4: 13, IPv6: 0, 最小延迟: 97 ms, 最高速率: 8.65 M/s, 平均速率: 0.63 M/s, 最高分辨率: 1920x1080
分类: 🌊港·澳·台, 名称: 凤凰中文, 有效: 1, IPv4: 44, IPv6: 0, 最小延迟: 64 ms, 最高速率: 45.67 M/s, 平均速率: 0.25 M/s, 最高分辨率: 1920x1080
分类: 🌊港·澳·台, 名称: 凤凰资讯, 有效: 2, IPv4: 44, IPv6: 0, 最小延迟: 142 ms, 最高速率: 44.27 M/s, 平均速率: 0.42 M/s, 最高分辨率: 1280x720
分类: 🌊港·澳·台, 名称: 凤凰香港, 有效: 2, IPv4: 31, IPv6: 0, 最小延迟: 102 ms, 最高速率: 34.21 M/s, 平均速率: 0.62 M/s, 最高分辨率: 1920x1080
分类: 🌊港·澳·台, 名称: 凤凰卫视, 有效: 0, IPv4: 9, IPv6: 0, 最小延迟: 133 ms, 最高速率: 2.95 M/s, 平均速率: 0.00 M/s, 最高分辨率: 840x480
分类: 🌊港·澳·台, 名称: 凤凰卫视电影, 有效: 0, IPv4: 5, IPv6: 0, 最小延迟: 8408 ms, 最高速率: 0.16 M/s, 平均速率: 0.00 M/s, 最高分辨率: None
分类: 🌊港·澳·台, 名称: J2, 有效: 0, IPv4: 1, IPv6: 0, 最小延迟: -1 ms, 最高速率: 0.00 M/s, 平均速率: 0.00 M/s, 最高分辨率: None
分类: 🌊港·澳·台, 名称: 纬来育乐, 有效: 0, IPv4: 6, IPv6: 0, 最小延迟: 10006 ms, 最高速率: 0.00 M/s, 平均速率: 0.00 M/s, 最高分辨率: None
分类: 🌊港·澳·台, 名称: TVBS亚洲, 有效: 3, IPv4: 10, IPv6: 0, 最小延迟: 1874 ms, 最高速率: 0.62 M/s, 平均速率: 0.57 M/s, 最高分辨率: 1920x1080
分类: 🌊港·澳·台, 名称: 三立台湾, 有效: 1, IPv4: 6, IPv6: 0, 最小延迟: 219 ms, 最高速率: 0.56 M/s, 平均速率: 0.56 M/s, 最高分辨率: 1280x720
分类: 🌊港·澳·台, 名称: 纬来体育, 有效: 1, IPv4: 18, IPv6: 0, 最小延迟: 219 ms, 最高速率: 0.56 M/s, 平均速率: 0.56 M/s, 最高分辨率: 1280x720
分类: 🌊港·澳·台, 名称: 东森超视, 有效: 0, IPv4: 9, IPv6: 0, 最小延迟: 3575 ms, 最高速率: 0.48 M/s, 平均速率: 0.00 M/s, 最高分辨率: 1920x1080
分类: 🌊港·澳·台, 名称: 靖天资讯, 有效: 0, IPv4: 3, IPv6: 0, 最小延迟: 380 ms, 最高速率: 0.00 M/s, 平均速率: 0.00 M/s, 最高分辨率: None
分类: 🌊港·澳·台, 名称: 三立新闻, 有效: 1, IPv4: 6, IPv6: 0, 最小延迟: 223 ms, 最高速率: 0.55 M/s, 平均速率: 0.55 M/s, 最高分辨率: 1280x720
分类: 🌊港·澳·台, 名称: 东森综合, 有效: 0, IPv4: 6, IPv6: 0, 最小延迟: -1 ms, 最高速率: 0.00 M/s, 平均速率: 0.00 M/s, 最高分辨率: None
分类: 🌊港·澳·台, 名称: 番薯台, 有效: 0, IPv4: 3, IPv6: 0, 最小延迟: -1 ms, 最高速率: 0.00 M/s, 平均速率: 0.00 M/s, 最高分辨率: None
分类: 🌊港·澳·台, 名称: 莲花卫视, 有效: 0, IPv4: 2, IPv6: 0, 最小延迟: -1 ms, 最高速率: 0.00 M/s, 平均速率: 0.00 M/s, 最高分辨率: None
分类: 🌊港·澳·台, 名称: 东森电影, 有效: 1, IPv4: 9, IPv6: 0, 最小延迟: 120 ms, 最高速率: 0.25 M/s, 平均速率: 0.25 M/s, 最高分辨率: 1280x720
分类: 🌊港·澳·台, 名称: 美亚C+, 有效: 2, IPv4: 3, IPv6: 0, 最小延迟: 1641 ms, 最高速率: 0.86 M/s, 平均速率: 0.83 M/s, 最高分辨率: 1920x1080
分类: 🌊港·澳·台, 名称: EBC东森财经新闻, 有效: 0, IPv4: 4, IPv6: 0, 最小延迟: -1 ms, 最高速率: 0.00 M/s, 平均速率: 0.00 M/s, 最高分辨率: None
分类: 🌊港·澳·台, 名称: 人间卫视, 有效: 4, IPv4: 5, IPv6: 0, 最小延迟: 6065 ms, 最高速率: 0.24 M/s, 平均速率: 0.24 M/s, 最高分辨率: 1280x720
分类: 🌊港·澳·台, 名称: TVB娱乐新闻, 有效: 1, IPv4: 6, IPv6: 0, 最小延迟: 108 ms, 最高速率: 0.70 M/s, 平均速率: 0.70 M/s, 最高分辨率: 1920x1080
分类: 🌊港·澳·台, 名称: TVBS新闻, 有效: 1, IPv4: 18, IPv6: 0, 最小延迟: 95 ms, 最高速率: 0.95 M/s, 平均速率: 0.95 M/s, 最高分辨率: 1920x1080
分类: 🌊港·澳·台, 名称: 台视新闻, 有效: 3, IPv4: 22, IPv6: 0, 最小延迟: 440 ms, 最高速率: 5.07 M/s, 平均速率: 2.85 M/s, 最高分辨率: 1920x1080
分类: 🌊港·澳·台, 名称: 澳视澳门, 有效: 1, IPv4: 8, IPv6: 0, 最小延迟: 145 ms, 最高速率: 36.55 M/s, 平均速率: 0.76 M/s, 最高分辨率: 1920x1080
分类: 🌊港·澳·台, 名称: 民视新闻台, 有效: 0, IPv4: 2, IPv6: 0, 最小延迟: 2226 ms, 最高速率: 0.43 M/s, 平均速率: 0.00 M/s, 最高分辨率: 1920x1080
分类: 🌊港·澳·台, 名称: 民视, 有效: 3, IPv4: 13, IPv6: 0, 最小延迟: 55 ms, 最高速率: 2.01 M/s, 平均速率: 1.77 M/s, 最高分辨率: 1920x1080
分类: 🌊港·澳·台, 名称: 中视菁采, 有效: 1, IPv4: 7, IPv6: 0, 最小延迟: 391 ms, 最高速率: 0.59 M/s, 平均速率: 0.59 M/s, 最高分辨率: 1920x1080
分类: 🌊港·澳·台, 名称: 中天亚洲, 有效: 0, IPv4: 11, IPv6: 0, 最小延迟: 405 ms, 最高速率: 0.00 M/s, 平均速率: 0.00 M/s, 最高分辨率: None
分类: 🎬电影频道, 名称: CHC家庭影院, 有效: 1, IPv4: 28, IPv6: 0, 最小延迟: 323 ms, 最高速率: 5.28 M/s, 平均速率: 5.28 M/s, 最高分辨率: 1280x720
分类: 🎬电影频道, 名称: CHC动作电影, 有效: 1, IPv4: 34, IPv6: 0, 最小延迟: 324 ms, 最高速率: 5.28 M/s, 平均速率: 5.28 M/s, 最高分辨率: 1920x1080
分类: 🎬电影频道, 名称: 1905电影网, 有效: 0, IPv4: 1, IPv6: 0, 最小延迟: 10773 ms, 最高速率: 0.01 M/s, 平均速率: 0.00 M/s, 最高分辨率: None
分类: 🎬电影频道, 名称: CHC影迷电影, 有效: 2, IPv4: 14, IPv6: 0, 最小延迟: 350 ms, 最高速率: 5.15 M/s, 平均速率: 2.76 M/s, 最高分辨率: 1920x1080
分类: 🎬电影频道, 名称: 靖天映画, 有效: 0, IPv4: 7, IPv6: 0, 最小延迟: 429 ms, 最高速率: 0.00 M/s, 平均速率: 0.00 M/s, 最高分辨率: None
分类: 🎬电影频道, 名称: 靖天戏剧, 有效: 0, IPv4: 5, IPv6: 0, 最小延迟: 771 ms, 最高速率: 0.00 M/s, 平均速率: 0.00 M/s, 最高分辨率: None
分类: 🎬电影频道, 名称: 黑莓电影, 有效: 0, IPv4: 10, IPv6: 0, 最小延迟: -1 ms, 最高速率: 0.00 M/s, 平均速率: 0.00 M/s, 最高分辨率: None
分类: 🎬电影频道, 名称: IPTV经典电影, 有效: 0, IPv4: 1, IPv6: 0, 最小延迟: -1 ms, 最高速率: 0.00 M/s, 平均速率: 0.00 M/s, 最高分辨率: None
分类: 🎬电影频道, 名称: 经典电影, 有效: 1, IPv4: 21, IPv6: 0, 最小延迟: 212 ms, 最高速率: 0.58 M/s, 平均速率: 0.58 M/s, 最高分辨率: 1920x1080
分类: 🎬电影频道, 名称: 天映经典, 有效: 1, IPv4: 10, IPv6: 0, 最小延迟: 34 ms, 最高速率: 0.67 M/s, 平均速率: 0.67 M/s, 最高分辨率: 1920x1080
分类: 🎬电影频道, 名称: 无线星河, 有效: 0, IPv4: 4, IPv6: 0, 最小延迟: 10343 ms, 最高速率: 0.00 M/s, 平均速率: 0.00 M/s, 最高分辨率: None
分类: 🎬电影频道, 名称: MovieSphere, 有效: 0, IPv4: 2, IPv6: 0, 最小延迟: 101 ms, 最高速率: 25.21 M/s, 平均速率: 0.00 M/s, 最高分辨率: 640x360
分类: 🎬电影频道, 名称: 星空卫视, 有效: 0, IPv4: 14, IPv6: 0, 最小延迟: 1591 ms, 最高速率: 0.27 M/s, 平均速率: 0.00 M/s, 最高分辨率: 1920x1080
分类: 🎬电影频道, 名称: 东森洋片, 有效: 0, IPv4: 9, IPv6: 0, 最小延迟: -1 ms, 最高速率: 0.00 M/s, 平均速率: 0.00 M/s, 最高分辨率: None
分类: 🏀体育频道, 名称: 劲爆体育, 有效: 0, IPv4: 21, IPv6: 0, 最小延迟: 1317 ms, 最高速率: 0.20 M/s, 平均速率: 0.00 M/s, 最高分辨率: 1920x1080
分类: 🏀体育频道, 名称: 辽宁体育, 有效: 0, IPv4: 2, IPv6: 0, 最小延迟: 10189 ms, 最高速率: 0.00 M/s, 平均速率: 0.00 M/s, 最高分辨率: None
分类: 🏀体育频道, 名称: 魅力足球, 有效: 0, IPv4: 17, IPv6: 0, 最小延迟: 10805 ms, 最高速率: 0.00 M/s, 平均速率: 0.00 M/s, 最高分辨率: None
分类: 🪁动画频道, 名称: 爱动漫, 有效: 0, IPv4: 1, IPv6: 0, 最小延迟: -1 ms, 最高速率: 0.00 M/s, 平均速率: 0.00 M/s, 最高分辨率: None
分类: 🪁动画频道, 名称: 少儿动画, 有效: 0, IPv4: 10, IPv6: 0, 最小延迟: -1 ms, 最高速率: 0.00 M/s, 平均速率: 0.00 M/s, 最高分辨率: None
分类: 🪁动画频道, 名称: CN卡通, 有效: 0, IPv4: 3, IPv6: 0, 最小延迟: -1 ms, 最高速率: 0.00 M/s, 平均速率: 0.00 M/s, 最高分辨率: None
分类: 🪁动画频道, 名称: 黑莓动画, 有效: 0, IPv4: 10, IPv6: 0, 最小延迟: -1 ms, 最高速率: 0.00 M/s, 平均速率: 0.00 M/s, 最高分辨率: None
分类: 🪁动画频道, 名称: 猫和老鼠, 有效: 0, IPv4: 2, IPv6: 0, 最小延迟: -1 ms, 最高速率: 0.00 M/s, 平均速率: 0.00 M/s, 最高分辨率: None
分类: 🪁动画频道, 名称: 新动漫, 有效: 0, IPv4: 8, IPv6: 0, 最小延迟: 10688 ms, 最高速率: 0.00 M/s, 平均速率: 0.00 M/s, 最高分辨率: None
分类: 🪁动画频道, 名称: 蜡笔小新, 有效: 0, IPv4: 3, IPv6: 0, 最小延迟: -1 ms, 最高速率: 0.00 M/s, 平均速率: 0.00 M/s, 最高分辨率: None
分类: 🪁动画频道, 名称: 七龙珠, 有效: 0, IPv4: 3, IPv6: 0, 最小延迟: -1 ms, 最高速率: 0.00 M/s, 平均速率: 0.00 M/s, 最高分辨率: None
分类: 🪁动画频道, 名称: 火影忍者, 有效: 0, IPv4: 1, IPv6: 0, 最小延迟: -1 ms, 最高速率: 0.00 M/s, 平均速率: 0.00 M/s, 最高分辨率: None
分类: 🪁动画频道, 名称: 海绵宝宝, 有效: 0, IPv4: 5, IPv6: 0, 最小延迟: -1 ms, 最高速率: 0.00 M/s, 平均速率: 0.00 M/s, 最高分辨率: None
分类: 🪁动画频道, 名称: 中华小当家, 有效: 0, IPv4: 4, IPv6: 0, 最小延迟: 406 ms, 最高速率: 0.00 M/s, 平均速率: 0.00 M/s, 最高分辨率: None
分类: 🪁动画频道, 名称: 经典动漫, 有效: 0, IPv4: 1, IPv6: 0, 最小延迟: -1 ms, 最高速率: 0.00 M/s, 平均速率: 0.00 M/s, 最高分辨率: None
分类: 🪁动画频道, 名称: 漫画解说, 有效: 0, IPv4: 3, IPv6: 0, 最小延迟: -1 ms, 最高速率: 0.00 M/s, 平均速率: 0.00 M/s, 最高分辨率: None
分类: 🎵音乐频道, 名称: 音乐之声, 有效: 0, IPv4: 1, IPv6: 0, 最小延迟: -1 ms, 最高速率: 0.00 M/s, 平均速率: 0.00 M/s, 最高分辨率: None
分类: 世界, 名称: Wild Earth, 有效: 1, IPv4: 1, IPv6: 0, 最小延迟: 107 ms, 最高速率: 35.63 M/s, 平均速率: 35.63 M/s, 最高分辨率: 1920x1080
分类: 世界, 名称: Russia Today Français, 有效: 1, IPv4: 1, IPv6: 0, 最小延迟: 1025 ms, 最高速率: 1.70 M/s, 平均速率: 1.70 M/s, 最高分辨率: 1920x1080
分类: 世界, 名称: Russia Today News, 有效: 1, IPv4: 1, IPv6: 0, 最小延迟: 1519 ms, 最高速率: 1.63 M/s, 平均速率: 1.63 M/s, 最高分辨率: 1920x1080
分类: 世界, 名称: Russia Today Español, 有效: 1, IPv4: 1, IPv6: 0, 最小延迟: 1103 ms, 最高速率: 1.35 M/s, 平均速率: 1.35 M/s, 最高分辨率: 1920x1080
分类: 世界, 名称: NBC News Now, 有效: 0, IPv4: 1, IPv6: 0, 最小延迟: 69 ms, 最高速率: 52.61 M/s, 平均速率: 0.00 M/s, 最高分辨率: 768x432
分类: 世界, 名称: Russia Today Documentary, 有效: 1, IPv4: 1, IPv6: 0, 最小延迟: 1043 ms, 最高速率: 1.76 M/s, 平均速率: 1.76 M/s, 最高分辨率: 1920x1080
分类: 世界, 名称: Russia Today Arabic, 有效: 1, IPv4: 1, IPv6: 0, 最小延迟: 1092 ms, 最高速率: 1.73 M/s, 平均速率: 1.73 M/s, 最高分辨率: 1920x1080
分类: 世界, 名称: Russia Today DE, 有效: 1, IPv4: 1, IPv6: 0, 最小延迟: 1118 ms, 最高速率: 1.56 M/s, 平均速率: 1.56 M/s, 最高分辨率: 1920x1080
分类: 世界, 名称: GB News, 有效: 0, IPv4: 2, IPv6: 0, 最小延迟: 1328 ms, 最高速率: 2.97 M/s, 平均速率: 0.00 M/s, 最高分辨率: 640x360
分类: 世界, 名称: BBC, 有效: 0, IPv4: 1, IPv6: 0, 最小延迟: -1 ms, 最高速率: 0.00 M/s, 平均速率: 0.00 M/s, 最高分辨率: None
分类: 世界, 名称: Fashion TV, 有效: 0, IPv4: 1, IPv6: 0, 最小延迟: -1 ms, 最高速率: 0.00 M/s, 平均速率: 0.00 M/s, 最高分辨率: None
分类: 🎮游戏频道, 名称: 游戏风云, 有效: 0, IPv4: 19, IPv6: 0, 最小延迟: 10049 ms, 最高速率: 0.00 M/s, 平均速率: 0.00 M/s, 最高分辨率: None
分类: 世界, 名称: 半岛新闻, 有效: 0, IPv4: 5, IPv6: 0, 最小延迟: -1 ms, 最高速率: 0.00 M/s, 平均速率: 0.00 M/s, 最高分辨率: None
分类: 世界, 名称: NHK World, 有效: 0, IPv4: 1, IPv6: 0, 最小延迟: -1 ms, 最高速率: 0.00 M/s, 平均速率: 0.00 M/s, 最高分辨率: None
分类: 世界, 名称: Trace Sports, 有效: 1, IPv4: 1, IPv6: 0, 最小延迟: 738 ms, 最高速率: 4.74 M/s, 平均速率: 4.74 M/s, 最高分辨率: 1920x1080
分类: 世界, 名称: Newsmax, 有效: 1, IPv4: 1, IPv6: 0, 最小延迟: 107 ms, 最高速率: 41.06 M/s, 平均速率: 41.06 M/s, 最高分辨率: 1920x1080
分类: 世界, 名称: Arirang, 有效: 1, IPv4: 2, IPv6: 0, 最小延迟: 2099 ms, 最高速率: 0.54 M/s, 平均速率: 0.54 M/s, 最高分辨率: 1920x1080
分类: 世界, 名称: Tastemade, 有效: 0, IPv4: 1, IPv6: 0, 最小延迟: 250 ms, 最高速率: 14.28 M/s, 平均速率: 0.00 M/s, 最高分辨率: 640x360
分类: 世界, 名称: Love Nature, 有效: 1, IPv4: 7, IPv6: 0, 最小延迟: 690 ms, 最高速率: 0.64 M/s, 平均速率: 0.64 M/s, 最高分辨率: 1280x720
分类: 世界, 名称: Sky News, 有效: 1, IPv4: 1, IPv6: 0, 最小延迟: 659 ms, 最高速率: 5.41 M/s, 平均速率: 5.41 M/s, 最高分辨率: 1280x720
分类: 世界, 名称: France 24, 有效: 0, IPv4: 2, IPv6: 0, 最小延迟: -1 ms, 最高速率: 0.00 M/s, 平均速率: 0.00 M/s, 最高分辨率: None
分类: 世界, 名称: ROCK Action, 有效: 1, IPv4: 4, IPv6: 0, 最小延迟: 59 ms, 最高速率: 0.86 M/s, 平均速率: 0.86 M/s, 最高分辨率: 1920x1080
分类: 世界, 名称: tvN, 有效: 0, IPv4: 6, IPv6: 0, 最小延迟: -1 ms, 最高速率: 0.00 M/s, 平均速率: 0.00 M/s, 最高分辨率: None
分类: 世界, 名称: 东森新闻, 有效: 0, IPv4: 12, IPv6: 0, 最小延迟: 775 ms, 最高速率: 0.00 M/s, 平均速率: 0.00 M/s, 最高分辨率: None
分类: 世界, 名称: 环球电视, 有效: 0, IPv4: 2, IPv6: 0, 最小延迟: 2394 ms, 最高速率: 0.05 M/s, 平均速率: 0.00 M/s, 最高分辨率: 1920x1080
分类: 世界, 名称: 龍華日韓台, 有效: 0, IPv4: 1, IPv6: 0, 最小延迟: -1 ms, 最高速率: 0.00 M/s, 平均速率: 0.00 M/s, 最高分辨率: None
分类: 世界, 名称: Discovery, 有效: 0, IPv4: 2, IPv6: 0, 最小延迟: -1 ms, 最高速率: 0.00 M/s, 平均速率: 0.00 M/s, 最高分辨率: None
分类: 世界, 名称: 寰宇新闻台湾, 有效: 0, IPv4: 12, IPv6: 0, 最小延迟: 584 ms, 最高速率: 0.00 M/s, 平均速率: 0.00 M/s, 最高分辨率: None
分类: 世界, 名称: TLC 旅游生活, 有效: 0, IPv4: 1, IPv6: 0, 最小延迟: -1 ms, 最高速率: 0.00 M/s, 平均速率: 0.00 M/s, 最高分辨率: None
分类: 世界, 名称: 寰宇新闻, 有效: 0, IPv4: 19, IPv6: 0, 最小延迟: 398 ms, 最高速率: 0.13 M/s, 平均速率: 0.00 M/s, 最高分辨率: 1920x1080
分类: 世界, 名称: HGTV, 有效: 0, IPv4: 1, IPv6: 0, 最小延迟: -1 ms, 最高速率: 0.00 M/s, 平均速率: 0.00 M/s, 最高分辨率: None
分类: 世界, 名称: TBS, 有效: 0, IPv4: 1, IPv6: 0, 最小延迟: -1 ms, 最高速率: 0.00 M/s, 平均速率: 0.00 M/s, 最高分辨率: None
分类: 世界, 名称: TRT World, 有效: 0, IPv4: 1, IPv6: 0, 最小延迟: -1 ms, 最高速率: 0.00 M/s, 平均速率: 0.00 M/s, 最高分辨率: None
分类: 世界, 名称: Mytime Movie, 有效: 0, IPv4: 1, IPv6: 0, 最小延迟: 123 ms, 最高速率: 30.30 M/s, 平均速率: 0.00 M/s, 最高分辨率: 640x360
分类: 世界, 名称: 亚洲旅游, 有效: 0, IPv4: 6, IPv6: 0, 最小延迟: 593 ms, 最高速率: 0.00 M/s, 平均速率: 0.00 M/s, 最高分辨率: None
分类: 世界, 名称: 寰宇财经, 有效: 0, IPv4: 5, IPv6: 0, 最小延迟: 585 ms, 最高速率: 0.00 M/s, 平均速率: 0.00 M/s, 最高分辨率: None
分类: 电影轮播, 名称: 西游记续集, 有效: 0, IPv4: 3, IPv6: 0, 最小延迟: -1 ms, 最高速率: 0.00 M/s, 平均速率: 0.00 M/s, 最高分辨率: None
分类: 电影轮播, 名称: 华语影院, 有效: 0, IPv4: 1, IPv6: 0, 最小延迟: -1 ms, 最高速率: 0.00 M/s, 平均速率: 0.00 M/s, 最高分辨率: None
分类: 电影轮播, 名称: 小鬼华语影院, 有效: 0, IPv4: 1, IPv6: 0, 最小延迟: -1 ms, 最高速率: 0.00 M/s, 平均速率: 0.00 M/s, 最高分辨率: None
分类: 世界, 名称: CNN, 有效: 0, IPv4: 1, IPv6: 0, 最小延迟: -1 ms, 最高速率: 0.00 M/s, 平均速率: 0.00 M/s, 最高分辨率: None
分类: 世界, 名称: 动物星球, 有效: 1, IPv4: 2, IPv6: 0, 最小延迟: 6801 ms, 最高速率: 0.26 M/s, 平均速率: 0.26 M/s, 最高分辨率: 1280x720
分类: 世界, 名称: HBO, 有效: 3, IPv4: 15, IPv6: 0, 最小延迟: 54 ms, 最高速率: 7.64 M/s, 平均速率: 2.95 M/s, 最高分辨率: 1920x1080
分类: 电影轮播, 名称: 欧美大片, 有效: 0, IPv4: 3, IPv6: 0, 最小延迟: -1 ms, 最高速率: 0.00 M/s, 平均速率: 0.00 M/s, 最高分辨率: None
分类: 电影轮播, 名称: 星光邵氏台, 有效: 0, IPv4: 2, IPv6: 0, 最小延迟: -1 ms, 最高速率: 0.00 M/s, 平均速率: 0.00 M/s, 最高分辨率: None
分类: 电影轮播, 名称: 林正英电影, 有效: 0, IPv4: 2, IPv6: 0, 最小延迟: -1 ms, 最高速率: 0.00 M/s, 平均速率: 0.00 M/s, 最高分辨率: None
分类: 电影轮播, 名称: 邵氏影院, 有效: 0, IPv4: 4, IPv6: 0, 最小延迟: -1 ms, 最高速率: 0.00 M/s, 平均速率: 0.00 M/s, 最高分辨率: None
